2010-03-26 15:34:17 Debug: Notice (1024): Please change the value of 'Security.salt' in app/config/core.php to a salt value specific to your application in [C:\Server\xampp\htdocs\issues\cake\libs\debugger.php, line 674]
2010-03-26 15:34:17 Debug: Notice (1024): Please change the value of 'Security.cipherSeed' in app/config/core.php to a numeric (digits only) seed value specific to your application in [C:\Server\xampp\htdocs\issues\cake\libs\debugger.php, line 678]
2010-03-26 16:35:04 Debug: Notice (8): Undefined variable: filter in [C:\Server\xampp\htdocs\issues\app\views\issues\index.ctp, line 6]
2010-03-26 16:38:26 Debug: Notice (8): Undefined offset: 1 in [C:\Server\xampp\htdocs\issues\cake\libs\view\helpers\html.php, line 678]
2010-03-26 16:38:26 Debug: Notice (8): Undefined offset: 0 in [C:\Server\xampp\htdocs\issues\cake\libs\view\helpers\html.php, line 679]
2010-03-26 16:38:28 Debug: Notice (8): Undefined offset: 1 in [C:\Server\xampp\htdocs\issues\cake\libs\view\helpers\html.php, line 678]
2010-03-26 16:38:28 Debug: Notice (8): Undefined offset: 0 in [C:\Server\xampp\htdocs\issues\cake\libs\view\helpers\html.php, line 679]
2010-03-26 16:41:42 Debug: Notice (8): Undefined index: User in [C:\Server\xampp\htdocs\issues\app\views\issues\index.ctp, line 24]
2010-03-26 16:41:46 Debug: Notice (8): Undefined index: User in [C:\Server\xampp\htdocs\issues\app\views\issues\index.ctp, line 24]
2010-03-26 16:41:47 Debug: Notice (8): Undefined index: User in [C:\Server\xampp\htdocs\issues\app\views\issues\index.ctp, line 24]
2010-03-26 16:41:56 Debug: Notice (8): Undefined index: User in [C:\Server\xampp\htdocs\issues\app\views\issues\index.ctp, line 24]
2010-03-26 16:41:57 Debug: Notice (8): Undefined index: User in [C:\Server\xampp\htdocs\issues\app\views\issues\index.ctp, line 24]
2010-03-26 16:42:42 Debug: Notice (8): Undefined variable: filter_options in [C:\Server\xampp\htdocs\issues\app\views\issues\index.ctp, line 10]
2010-03-26 16:42:42 Debug: Notice (8): Undefined variable: filter_options in [C:\Server\xampp\htdocs\issues\app\views\issues\index.ctp, line 28]
2010-03-26 16:42:57 Debug: Notice (8): Undefined variable: filter_options in [C:\Server\xampp\htdocs\issues\app\views\issues\index.ctp, line 10]
2010-03-26 16:42:57 Debug: Notice (8): Undefined variable: filter_options in [C:\Server\xampp\htdocs\issues\app\views\issues\index.ctp, line 28]
2010-03-26 16:43:26 Debug: Notice (8): Undefined variable: filter_options in [C:\Server\xampp\htdocs\issues\app\views\issues\index.ctp, line 10]
2010-03-26 16:43:26 Debug: Notice (8): Undefined variable: filter_options in [C:\Server\xampp\htdocs\issues\app\views\issues\index.ctp, line 28]
2010-03-26 16:43:38 Debug: Notice (8): Undefined index: User in [C:\Server\xampp\htdocs\issues\app\views\issues\index.ctp, line 23]
2010-03-26 16:44:57 Debug: Notice (8): Undefined index: User in [C:\Server\xampp\htdocs\issues\app\views\issues\index.ctp, line 23]
2010-03-26 16:48:25 Debug: Notice (8): Undefined index: User in [C:\Server\xampp\htdocs\issues\app\views\issues\index.ctp, line 23]
2010-03-26 17:24:15 Debug: Notice (8): Undefined property: IssuesController::$Paginator in [C:\Server\xampp\htdocs\issues\app\controllers\issues_controller.php, line 7]
2010-03-26 17:24:44 Debug: Notice (8): Undefined property: IssuesController::$Paginator in [C:\Server\xampp\htdocs\issues\app\controllers\issues_controller.php, line 8]
2010-03-26 17:27:32 Debug: Notice (8): Undefined property: IssuesController::$Paginator in [C:\Server\xampp\htdocs\issues\app\controllers\issues_controller.php, line 10]
2010-03-26 17:28:32 Debug: Notice (8): Undefined property: IssuesController::$Paginator in [C:\Server\xampp\htdocs\issues\app\controllers\issues_controller.php, line 10]
2010-03-26 17:31:14 Debug: Notice (8): Undefined variable: data in [C:\Server\xampp\htdocs\issues\app\views\issues\index.ctp, line 44]
2010-03-26 17:39:27 Debug: Notice (8): Undefined index: User in [C:\Server\xampp\htdocs\issues\app\views\issues\index.ctp, line 31]
2010-03-26 17:39:28 Debug: Notice (8): Undefined index: User in [C:\Server\xampp\htdocs\issues\app\views\issues\index.ctp, line 31]
2010-03-26 18:03:54 Debug: Notice (8): Undefined index: User in [C:\Server\xampp\htdocs\issues\app\views\issues\index.ctp, line 31]
2010-03-26 18:03:55 Debug: Notice (8): Undefined index: User in [C:\Server\xampp\htdocs\issues\app\views\issues\index.ctp, line 31]
2010-03-26 20:56:56 Debug: Notice (8): Undefined variable: _statuses in [C:\Server\xampp\htdocs\issues\app\views\layouts\default.ctp, line 50]
2010-03-26 20:57:26 Debug: Notice (8): Undefined variable: _statuses in [C:\Server\xampp\htdocs\issues\app\views\layouts\default.ctp, line 50]
2010-03-26 20:57:36 Debug: Notice (8): Undefined variable: _statuses in [C:\Server\xampp\htdocs\issues\app\views\layouts\default.ctp, line 50]
2010-03-26 20:57:50 Debug: Notice (8): Undefined variable: _statuses in [C:\Server\xampp\htdocs\issues\app\views\layouts\default.ctp, line 50]
2010-03-26 20:59:28 Debug: Notice (8): Undefined variable: _statuses in [C:\Server\xampp\htdocs\issues\app\views\layouts\default.ctp, line 50]
2010-03-27 10:18:27 Debug: Notice (8): Undefined variable: _statuses in [C:\Server\xampp\htdocs\issues\app\views\layouts\default.ctp, line 50]
2010-03-27 10:18:50 Debug: Notice (8): Undefined variable: _statuses in [C:\Server\xampp\htdocs\issues\app\views\layouts\default.ctp, line 50]
2010-03-27 10:18:56 Debug: Notice (8): Undefined variable: _statuses in [C:\Server\xampp\htdocs\issues\app\views\layouts\default.ctp, line 50]
2010-03-27 10:19:02 Debug: Notice (8): Undefined variable: _statuses in [C:\Server\xampp\htdocs\issues\app\views\layouts\default.ctp, line 50]
2010-03-27 10:32:46 Debug: Notice (8): Undefined variable: _statuses in [C:\Server\xampp\htdocs\issues\app\views\layouts\default.ctp, line 50]
2010-03-27 10:37:46 Debug: Notice (8): Undefined variable: _statuses in [C:\Server\xampp\htdocs\issues\app\views\layouts\default.ctp, line 50]
2010-03-27 10:38:08 Debug: Notice (8): Undefined variable: _statuses in [C:\Server\xampp\htdocs\issues\app\views\layouts\default.ctp, line 50]
2010-03-27 10:40:47 Debug: Notice (8): Undefined variable: _statuses in [C:\Server\xampp\htdocs\issues\app\views\layouts\default.ctp, line 50]
2010-03-27 10:44:16 Debug: Notice (8): Array to string conversion in [C:\Server\xampp\htdocs\issues\cake\libs\model\datasources\dbo_source.php, line 2112]
2010-03-27 10:44:16 Debug: Notice (8): Array to string conversion in [C:\Server\xampp\htdocs\issues\cake\libs\model\datasources\dbo_source.php, line 2112]
2010-03-27 10:52:20 Debug: Notice (8): Undefined variable: issues in [C:\Server\xampp\htdocs\issues\app\views\issues\index.ctp, line 12]
2010-03-27 10:52:21 Debug: Notice (8): Undefined variable: issues in [C:\Server\xampp\htdocs\issues\app\views\issues\index.ctp, line 12]
2010-03-27 10:52:23 Debug: Notice (8): Undefined variable: issues in [C:\Server\xampp\htdocs\issues\app\views\issues\index.ctp, line 12]
2010-03-27 10:57:21 Debug: Notice (8): Undefined index: IssueType in [C:\Server\xampp\htdocs\issues\app\views\issues\status.ctp, line 32]
2010-03-27 10:57:33 Debug: Notice (8): Undefined index: IssueStatus in [C:\Server\xampp\htdocs\issues\app\views\issues\status.ctp, line 32]
2010-03-27 10:58:03 Debug: Notice (8): Undefined index: IssueStatus in [C:\Server\xampp\htdocs\issues\app\views\issues\status.ctp, line 32]
2010-03-27 10:58:03 Debug: Notice (8): Undefined index: IssueStatus in [C:\Server\xampp\htdocs\issues\app\views\issues\status.ctp, line 32]
2010-03-27 10:58:14 Debug: Notice (8): Undefined variable: _statuses in [C:\Server\xampp\htdocs\issues\app\views\layouts\default.ctp, line 51]
2010-03-27 10:59:09 Debug: Notice (8): Undefined variable: _statuses in [C:\Server\xampp\htdocs\issues\app\views\layouts\default.ctp, line 51]
2010-03-27 10:59:26 Debug: Notice (8): Undefined variable: _statuses in [C:\Server\xampp\htdocs\issues\app\views\layouts\default.ctp, line 51]
2010-03-27 10:59:28 Debug: Notice (8): Undefined variable: _statuses in [C:\Server\xampp\htdocs\issues\app\views\layouts\default.ctp, line 51]
2010-03-27 11:15:21 Debug: Notice (8): Undefined variable: _statuses in [C:\Server\xampp\htdocs\issues\app\views\layouts\default.ctp, line 51]
2010-03-27 11:21:38 Debug: Notice (8): Undefined variable: issue in [C:\Server\xampp\htdocs\issues\app\views\issues\view.ctp, line 1]
2010-03-27 11:42:43 Debug: Notice (8): Undefined variable: time in [C:\Server\xampp\htdocs\issues\app\views\issues\view.ctp, line 2]
2010-03-27 13:47:09 Debug: Notice (8): Undefined property: IssuesController::$Comment in [C:\Server\xampp\htdocs\issues\app\controllers\issues_controller.php, line 44]
2010-03-27 13:47:25 Debug: Notice (8): Undefined property: IssuesController::$Issue in [C:\Server\xampp\htdocs\issues\app\controllers\issues_controller.php, line 37]
2010-03-27 14:09:07 Debug: Notice (8): Undefined index: username in [C:\Server\xampp\htdocs\issues\app\views\elements\commentbox.ctp, line 2]
2010-03-27 14:11:24 Debug: Notice (8): Undefined index: Issue in [C:\Server\xampp\htdocs\issues\app\views\issues\status.ctp, line 30]
2010-03-27 14:11:24 Debug: Notice (8): Undefined index: IssueStatus in [C:\Server\xampp\htdocs\issues\app\views\issues\status.ctp, line 32]
2010-03-27 14:11:24 Debug: Notice (8): Undefined index: Issue in [C:\Server\xampp\htdocs\issues\app\views\issues\status.ctp, line 33]
2010-03-27 14:11:27 Debug: Notice (8): Undefined index: Issue in [C:\Server\xampp\htdocs\issues\app\views\issues\status.ctp, line 30]
2010-03-27 14:11:27 Debug: Notice (8): Undefined index: IssueStatus in [C:\Server\xampp\htdocs\issues\app\views\issues\status.ctp, line 32]
2010-03-27 14:11:27 Debug: Notice (8): Undefined index: Issue in [C:\Server\xampp\htdocs\issues\app\views\issues\status.ctp, line 33]
2010-03-27 14:11:59 Debug: Notice (8): Undefined index: Issue in [C:\Server\xampp\htdocs\issues\app\views\issues\status.ctp, line 30]
2010-03-27 14:11:59 Debug: Notice (8): Undefined index: IssueStatus in [C:\Server\xampp\htdocs\issues\app\views\issues\status.ctp, line 32]
2010-03-27 14:11:59 Debug: Notice (8): Undefined index: Issue in [C:\Server\xampp\htdocs\issues\app\views\issues\status.ctp, line 33]
2010-03-27 14:12:17 Debug: Notice (8): Undefined index: Issue in [C:\Server\xampp\htdocs\issues\app\views\issues\status.ctp, line 30]
2010-03-27 14:12:17 Debug: Notice (8): Undefined index: IssueStatus in [C:\Server\xampp\htdocs\issues\app\views\issues\status.ctp, line 32]
2010-03-27 14:12:17 Debug: Notice (8): Undefined index: Issue in [C:\Server\xampp\htdocs\issues\app\views\issues\status.ctp, line 33]
2010-03-27 14:12:35 Debug: Notice (8): Undefined index: Issue in [C:\Server\xampp\htdocs\issues\app\views\issues\status.ctp, line 30]
2010-03-27 14:12:35 Debug: Notice (8): Undefined index: IssueStatus in [C:\Server\xampp\htdocs\issues\app\views\issues\status.ctp, line 32]
2010-03-27 14:12:35 Debug: Notice (8): Undefined index: Issue in [C:\Server\xampp\htdocs\issues\app\views\issues\status.ctp, line 33]
2010-03-27 14:12:53 Debug: Notice (8): Undefined index: Issue in [C:\Server\xampp\htdocs\issues\app\views\issues\status.ctp, line 30]
2010-03-27 14:12:53 Debug: Notice (8): Undefined index: IssueStatus in [C:\Server\xampp\htdocs\issues\app\views\issues\status.ctp, line 32]
2010-03-27 14:12:53 Debug: Notice (8): Undefined index: Issue in [C:\Server\xampp\htdocs\issues\app\views\issues\status.ctp, line 33]
2010-03-27 14:14:41 Debug: Notice (8): Undefined index: Issue in [C:\Server\xampp\htdocs\issues\app\views\issues\status.ctp, line 30]
2010-03-27 14:14:41 Debug: Notice (8): Undefined index: IssueStatus in [C:\Server\xampp\htdocs\issues\app\views\issues\status.ctp, line 32]
2010-03-27 14:14:41 Debug: Notice (8): Undefined index: Issue in [C:\Server\xampp\htdocs\issues\app\views\issues\status.ctp, line 33]
2010-03-27 14:15:17 Debug: Notice (8): Undefined index: Issue in [C:\Server\xampp\htdocs\issues\app\views\issues\status.ctp, line 30]
2010-03-27 14:15:17 Debug: Notice (8): Undefined index: IssueStatus in [C:\Server\xampp\htdocs\issues\app\views\issues\status.ctp, line 32]
2010-03-27 14:15:17 Debug: Notice (8): Undefined index: Issue in [C:\Server\xampp\htdocs\issues\app\views\issues\status.ctp, line 33]
2010-03-27 14:15:30 Debug: Notice (8): Undefined index: Issue in [C:\Server\xampp\htdocs\issues\app\views\issues\status.ctp, line 30]
2010-03-27 14:15:30 Debug: Notice (8): Undefined index: IssueStatus in [C:\Server\xampp\htdocs\issues\app\views\issues\status.ctp, line 32]
2010-03-27 14:15:30 Debug: Notice (8): Undefined index: Issue in [C:\Server\xampp\htdocs\issues\app\views\issues\status.ctp, line 33]
2010-03-27 14:15:42 Debug: Notice (8): Undefined index: Issue in [C:\Server\xampp\htdocs\issues\app\views\issues\status.ctp, line 30]
2010-03-27 14:15:42 Debug: Notice (8): Undefined index: IssueStatus in [C:\Server\xampp\htdocs\issues\app\views\issues\status.ctp, line 32]
2010-03-27 14:15:42 Debug: Notice (8): Undefined index: Issue in [C:\Server\xampp\htdocs\issues\app\views\issues\status.ctp, line 33]
2010-03-27 14:24:17 Debug: Notice (8): Undefined variable: text in [C:\Server\xampp\htdocs\issues\app\views\elements\commentbox.ctp, line 3]
2010-03-27 15:06:30 Debug: Notice (8): Undefined variable: _statuses in [C:\Server\xampp\htdocs\issues\app\views\layouts\default.ctp, line 51]
2010-03-27 15:34:16 Debug: Notice (8): Undefined property: UsersController::$Cookie in [C:\Server\xampp\htdocs\issues\app\controllers\users_controller.php, line 34]
2010-03-27 15:36:48 Debug: Notice (8): Undefined index: userid in [C:\Server\xampp\htdocs\issues\app\controllers\users_controller.php, line 20]
2010-03-27 15:36:48 Debug: Notice (8): Undefined property: UsersController::$cookieKey in [C:\Server\xampp\htdocs\issues\app\app_controller.php, line 20]
2010-03-27 15:37:13 Debug: Notice (8): Undefined property: UsersController::$cookieKey in [C:\Server\xampp\htdocs\issues\app\app_controller.php, line 20]
2010-03-27 15:38:52 Debug: Notice (8): Undefined property: UsersController::$cookieKey in [C:\Server\xampp\htdocs\issues\app\controllers\users_controller.php, line 36]
2010-03-27 15:43:42 Debug: Notice (8): Undefined variable: _statuses in [C:\Server\xampp\htdocs\issues\app\views\layouts\default.ctp, line 51]
2010-03-27 15:46:21 Debug: Notice (8): Undefined variable: is_logged_in in [C:\Server\xampp\htdocs\issues\app\views\layouts\default.ctp, line 50]
2010-03-27 16:07:05 Debug: Notice (8): Undefined property: UsersController::$Session in [C:\Server\xampp\htdocs\issues\app\app_controller.php, line 46]
2010-03-27 16:11:06 Debug: Notice (8): Undefined property: IssuesController::$cookieKey in [C:\Server\xampp\htdocs\issues\app\app_controller.php, line 62]
2010-03-27 16:11:06 Debug: Notice (8): Undefined property: IssuesController::$cookieKey in [C:\Server\xampp\htdocs\issues\app\app_controller.php, line 62]
2010-03-27 16:11:54 Debug: Notice (8): Undefined property: IssuesController::$Session in [C:\Server\xampp\htdocs\issues\app\app_controller.php, line 48]
2010-03-27 16:12:07 Debug: Notice (8): Undefined variable: userinfo in [C:\Server\xampp\htdocs\issues\app\views\layouts\default.ctp, line 51]
2010-03-27 16:53:17 Debug: Notice (8): Undefined variable: data in [C:\Server\xampp\htdocs\issues\app\views\issues\view.ctp, line 13]
2010-03-27 17:04:57 Debug: Notice (8): Undefined variable: is_logged_in in [C:\Server\xampp\htdocs\issues\app\views\layouts\default.ctp, line 50]
2010-03-27 17:04:57 Debug: Notice (8): Undefined variable: _statuses in [C:\Server\xampp\htdocs\issues\app\views\layouts\default.ctp, line 63]
2010-03-27 17:08:30 Debug: Notice (8): Undefined index: content in [C:\Server\xampp\htdocs\issues\app\controllers\issues_controller.php, line 65]
2010-03-28 18:35:20 Debug: Notice (8): Undefined property: IssuesController::$User in [C:\Server\xampp\htdocs\issues\app\app_controller.php, line 67]
2010-03-28 18:37:59 Debug: Notice (8): Undefined property: IssuesController::$User in [C:\Server\xampp\htdocs\issues\app\app_controller.php, line 67]
2010-03-28 18:38:31 Debug: Notice (8): Undefined property: IssuesController::$User in [C:\Server\xampp\htdocs\issues\app\app_controller.php, line 67]
2010-03-28 18:38:39 Debug: Notice (8): Undefined property: IssuesController::$User in [C:\Server\xampp\htdocs\issues\app\app_controller.php, line 67]
2010-03-28 18:39:12 Debug: Notice (8): Undefined index: IssueStatus in [C:\Server\xampp\htdocs\issues\app\views\layouts\default.ctp, line 65]
2010-03-28 19:34:33 Debug: Notice (8): Undefined property: IssuesController::$User in [C:\Server\xampp\htdocs\issues\app\controllers\issues_controller.php, line 51]
2010-03-28 21:39:41 Debug: Notice (8): Undefined variable: is_logged_in in [C:\Server\xampp\htdocs\issues\app\views\layouts\default.ctp, line 50]
2010-03-28 21:39:41 Debug: Notice (8): Undefined variable: _statuses in [C:\Server\xampp\htdocs\issues\app\views\layouts\default.ctp, line 63]
2010-03-28 22:15:24 Debug: Notice (8): Undefined variable: is_logged_in in [C:\Server\xampp\htdocs\issues\app\views\layouts\default.ctp, line 50]
2010-03-28 22:15:24 Debug: Notice (8): Undefined variable: _statuses in [C:\Server\xampp\htdocs\issues\app\views\layouts\default.ctp, line 63]
2010-03-29 21:45:39 Debug: Notice (8): Undefined variable: user_id in [C:\Server\xampp\htdocs\issues\app\views\issues\edit.ctp, line 9]
2010-03-29 21:45:50 Debug: Notice (8): Undefined variable: user_id in [C:\Server\xampp\htdocs\issues\app\views\issues\edit.ctp, line 9]
2010-03-29 21:45:52 Debug: Notice (8): Undefined variable: user_id in [C:\Server\xampp\htdocs\issues\app\views\issues\edit.ctp, line 9]
2010-03-29 21:46:02 Debug: Notice (8): Undefined variable: user_id in [C:\Server\xampp\htdocs\issues\app\views\issues\edit.ctp, line 9]
2010-03-29 21:50:52 Debug: Notice (8): Undefined variable: user_id in [C:\Server\xampp\htdocs\issues\app\views\issues\edit.ctp, line 9]
2010-03-29 21:51:52 Debug: Notice (8): Undefined variable: user_id in [C:\Server\xampp\htdocs\issues\app\views\issues\edit.ctp, line 9]
2010-03-29 21:51:57 Debug: Notice (8): Undefined variable: user_id in [C:\Server\xampp\htdocs\issues\app\views\issues\edit.ctp, line 9]
2010-03-29 21:52:22 Debug: Notice (8): Undefined variable: user_id in [C:\Server\xampp\htdocs\issues\app\views\issues\edit.ctp, line 9]
