2010-03-26 16:42:42 Warning: Warning (2): array_merge() [<a href='http://php.net/function.array-merge'>function.array-merge</a>]: Argument #2 is not an array in [C:\Server\xampp\htdocs\issues\cake\libs\view\helpers\paginator.php, line 300]
2010-03-26 16:42:42 Warning: Warning (2): array_merge() [<a href='http://php.net/function.array-merge'>function.array-merge</a>]: Argument #2 is not an array in [C:\Server\xampp\htdocs\issues\cake\libs\view\helpers\paginator.php, line 327]
2010-03-26 16:42:42 Warning: Warning (2): array_merge() [<a href='http://php.net/function.array-merge'>function.array-merge</a>]: Argument #2 is not an array in [C:\Server\xampp\htdocs\issues\cake\libs\view\helpers\paginator.php, line 348]
2010-03-26 16:42:42 Warning: Warning (2): array_merge() [<a href='http://php.net/function.array-merge'>function.array-merge</a>]: Argument #2 is not an array in [C:\Server\xampp\htdocs\issues\cake\libs\view\helpers\paginator.php, line 353]
2010-03-26 16:42:42 Warning: Warning (2): array_merge() [<a href='http://php.net/function.array-merge'>function.array-merge</a>]: Argument #2 is not an array in [C:\Server\xampp\htdocs\issues\cake\libs\view\helpers\paginator.php, line 380]
2010-03-26 16:42:42 Warning: Warning (2): array_merge() [<a href='http://php.net/function.array-merge'>function.array-merge</a>]: Argument #2 is not an array in [C:\Server\xampp\htdocs\issues\cake\libs\view\helpers\paginator.php, line 362]
2010-03-26 16:42:42 Warning: Warning (2): array_intersect_key() [<a href='http://php.net/function.array-intersect-key'>function.array-intersect-key</a>]: Argument #1 is not an array in [C:\Server\xampp\htdocs\issues\cake\libs\view\helpers\paginator.php, line 363]
2010-03-26 16:42:42 Warning: Warning (2): array_merge() [<a href='http://php.net/function.array-merge'>function.array-merge</a>]: Argument #1 is not an array in [C:\Server\xampp\htdocs\issues\cake\libs\view\helpers\paginator.php, line 363]
2010-03-26 16:42:57 Warning: Warning (2): array_merge() [<a href='http://php.net/function.array-merge'>function.array-merge</a>]: Argument #2 is not an array in [C:\Server\xampp\htdocs\issues\cake\libs\view\helpers\paginator.php, line 300]
2010-03-26 16:42:57 Warning: Warning (2): array_merge() [<a href='http://php.net/function.array-merge'>function.array-merge</a>]: Argument #2 is not an array in [C:\Server\xampp\htdocs\issues\cake\libs\view\helpers\paginator.php, line 327]
2010-03-26 16:42:57 Warning: Warning (2): array_merge() [<a href='http://php.net/function.array-merge'>function.array-merge</a>]: Argument #2 is not an array in [C:\Server\xampp\htdocs\issues\cake\libs\view\helpers\paginator.php, line 348]
2010-03-26 16:42:57 Warning: Warning (2): array_merge() [<a href='http://php.net/function.array-merge'>function.array-merge</a>]: Argument #2 is not an array in [C:\Server\xampp\htdocs\issues\cake\libs\view\helpers\paginator.php, line 353]
2010-03-26 16:42:57 Warning: Warning (2): array_merge() [<a href='http://php.net/function.array-merge'>function.array-merge</a>]: Argument #2 is not an array in [C:\Server\xampp\htdocs\issues\cake\libs\view\helpers\paginator.php, line 380]
2010-03-26 16:42:57 Warning: Warning (2): array_merge() [<a href='http://php.net/function.array-merge'>function.array-merge</a>]: Argument #2 is not an array in [C:\Server\xampp\htdocs\issues\cake\libs\view\helpers\paginator.php, line 362]
2010-03-26 16:42:57 Warning: Warning (2): array_intersect_key() [<a href='http://php.net/function.array-intersect-key'>function.array-intersect-key</a>]: Argument #1 is not an array in [C:\Server\xampp\htdocs\issues\cake\libs\view\helpers\paginator.php, line 363]
2010-03-26 16:42:57 Warning: Warning (2): array_merge() [<a href='http://php.net/function.array-merge'>function.array-merge</a>]: Argument #1 is not an array in [C:\Server\xampp\htdocs\issues\cake\libs\view\helpers\paginator.php, line 363]
2010-03-26 16:43:26 Warning: Warning (2): array_merge() [<a href='http://php.net/function.array-merge'>function.array-merge</a>]: Argument #2 is not an array in [C:\Server\xampp\htdocs\issues\cake\libs\view\helpers\paginator.php, line 300]
2010-03-26 16:43:26 Warning: Warning (2): array_merge() [<a href='http://php.net/function.array-merge'>function.array-merge</a>]: Argument #2 is not an array in [C:\Server\xampp\htdocs\issues\cake\libs\view\helpers\paginator.php, line 327]
2010-03-26 16:43:26 Warning: Warning (2): array_merge() [<a href='http://php.net/function.array-merge'>function.array-merge</a>]: Argument #2 is not an array in [C:\Server\xampp\htdocs\issues\cake\libs\view\helpers\paginator.php, line 348]
2010-03-26 16:43:26 Warning: Warning (2): array_merge() [<a href='http://php.net/function.array-merge'>function.array-merge</a>]: Argument #2 is not an array in [C:\Server\xampp\htdocs\issues\cake\libs\view\helpers\paginator.php, line 353]
2010-03-26 16:43:26 Warning: Warning (2): array_merge() [<a href='http://php.net/function.array-merge'>function.array-merge</a>]: Argument #2 is not an array in [C:\Server\xampp\htdocs\issues\cake\libs\view\helpers\paginator.php, line 380]
2010-03-26 16:43:26 Warning: Warning (2): array_merge() [<a href='http://php.net/function.array-merge'>function.array-merge</a>]: Argument #2 is not an array in [C:\Server\xampp\htdocs\issues\cake\libs\view\helpers\paginator.php, line 362]
2010-03-26 16:43:26 Warning: Warning (2): array_intersect_key() [<a href='http://php.net/function.array-intersect-key'>function.array-intersect-key</a>]: Argument #1 is not an array in [C:\Server\xampp\htdocs\issues\cake\libs\view\helpers\paginator.php, line 363]
2010-03-26 16:43:26 Warning: Warning (2): array_merge() [<a href='http://php.net/function.array-merge'>function.array-merge</a>]: Argument #1 is not an array in [C:\Server\xampp\htdocs\issues\cake\libs\view\helpers\paginator.php, line 363]
2010-03-26 17:31:14 Warning: Warning (2): Invalid argument supplied for foreach() in [C:\Server\xampp\htdocs\issues\app\views\issues\index.ctp, line 44]
2010-03-26 17:39:27 Warning: Warning (512): <span style="color:Red;text-align:left"><b>SQL Error:</b> 1054: Unknown column 'Issue.id' in 'where clause'</span> in [C:\Server\xampp\htdocs\issues\cake\libs\model\datasources\dbo_source.php, line 615]
2010-03-26 17:39:28 Warning: Warning (512): <span style="color:Red;text-align:left"><b>SQL Error:</b> 1054: Unknown column 'Issue.id' in 'where clause'</span> in [C:\Server\xampp\htdocs\issues\cake\libs\model\datasources\dbo_source.php, line 615]
2010-03-26 17:57:02 Warning: Warning (512): <span style="color:Red;text-align:left"><b>SQL Error:</b> 1064: You have an error in your SQL syntax; check the manual that corresponds to your MySQL server version for the right syntax to use near 'id IN (1, 2, 4, 5, 6, 7, 8, 9, 10, 11) AND `IssueTag`.`tag_id` = `Tag`.`tag_id`)' at line 1</span> in [C:\Server\xampp\htdocs\issues\cake\libs\model\datasources\dbo_source.php, line 615]
2010-03-26 17:57:03 Warning: Warning (512): <span style="color:Red;text-align:left"><b>SQL Error:</b> 1064: You have an error in your SQL syntax; check the manual that corresponds to your MySQL server version for the right syntax to use near 'id IN (1, 2, 4, 5, 6, 7, 8, 9, 10, 11) AND `IssueTag`.`tag_id` = `Tag`.`tag_id`)' at line 1</span> in [C:\Server\xampp\htdocs\issues\cake\libs\model\datasources\dbo_source.php, line 615]
2010-03-26 17:58:06 Warning: Warning (512): <span style="color:Red;text-align:left"><b>SQL Error:</b> 1064: You have an error in your SQL syntax; check the manual that corresponds to your MySQL server version for the right syntax to use near 'id IN (1, 2, 4, 5, 6, 7, 8, 9, 10, 11) AND `IssueTag`.`tag_id` = `Tag`.`tag_id`)' at line 1</span> in [C:\Server\xampp\htdocs\issues\cake\libs\model\datasources\dbo_source.php, line 615]
2010-03-26 17:58:07 Warning: Warning (512): <span style="color:Red;text-align:left"><b>SQL Error:</b> 1064: You have an error in your SQL syntax; check the manual that corresponds to your MySQL server version for the right syntax to use near 'id IN (1, 2, 4, 5, 6, 7, 8, 9, 10, 11) AND `IssueTag`.`tag_id` = `Tag`.`tag_id`)' at line 1</span> in [C:\Server\xampp\htdocs\issues\cake\libs\model\datasources\dbo_source.php, line 615]
2010-03-26 17:58:09 Warning: Warning (512): <span style="color:Red;text-align:left"><b>SQL Error:</b> 1064: You have an error in your SQL syntax; check the manual that corresponds to your MySQL server version for the right syntax to use near 'id IN (12, 13, 14, 15, 16, 17, 18, 19, 20, 21) AND `IssueTag`.`tag_id` = `Tag`.`' at line 1</span> in [C:\Server\xampp\htdocs\issues\cake\libs\model\datasources\dbo_source.php, line 615]
2010-03-26 17:58:11 Warning: Warning (512): <span style="color:Red;text-align:left"><b>SQL Error:</b> 1064: You have an error in your SQL syntax; check the manual that corresponds to your MySQL server version for the right syntax to use near 'id IN (22, 23, 24, 25, 26, 27, 28, 29, 30) AND `IssueTag`.`tag_id` = `Tag`.`tag_' at line 1</span> in [C:\Server\xampp\htdocs\issues\cake\libs\model\datasources\dbo_source.php, line 615]
2010-03-26 17:58:13 Warning: Warning (512): <span style="color:Red;text-align:left"><b>SQL Error:</b> 1064: You have an error in your SQL syntax; check the manual that corresponds to your MySQL server version for the right syntax to use near 'id IN (1, 2, 4, 5, 6, 7, 8, 9, 10, 11) AND `IssueTag`.`tag_id` = `Tag`.`tag_id`)' at line 1</span> in [C:\Server\xampp\htdocs\issues\cake\libs\model\datasources\dbo_source.php, line 615]
2010-03-26 17:58:14 Warning: Warning (512): <span style="color:Red;text-align:left"><b>SQL Error:</b> 1064: You have an error in your SQL syntax; check the manual that corresponds to your MySQL server version for the right syntax to use near 'id IN (12, 13, 14, 15, 16, 17, 18, 19, 20, 21) AND `IssueTag`.`tag_id` = `Tag`.`' at line 1</span> in [C:\Server\xampp\htdocs\issues\cake\libs\model\datasources\dbo_source.php, line 615]
2010-03-26 17:58:15 Warning: Warning (512): <span style="color:Red;text-align:left"><b>SQL Error:</b> 1064: You have an error in your SQL syntax; check the manual that corresponds to your MySQL server version for the right syntax to use near 'id IN (22, 23, 24, 25, 26, 27, 28, 29, 30) AND `IssueTag`.`tag_id` = `Tag`.`tag_' at line 1</span> in [C:\Server\xampp\htdocs\issues\cake\libs\model\datasources\dbo_source.php, line 615]
2010-03-26 17:58:16 Warning: Warning (512): <span style="color:Red;text-align:left"><b>SQL Error:</b> 1064: You have an error in your SQL syntax; check the manual that corresponds to your MySQL server version for the right syntax to use near 'id IN (1, 2, 4, 5, 6, 7, 8, 9, 10, 11) AND `IssueTag`.`tag_id` = `Tag`.`tag_id`)' at line 1</span> in [C:\Server\xampp\htdocs\issues\cake\libs\model\datasources\dbo_source.php, line 615]
2010-03-26 17:58:18 Warning: Warning (512): <span style="color:Red;text-align:left"><b>SQL Error:</b> 1064: You have an error in your SQL syntax; check the manual that corresponds to your MySQL server version for the right syntax to use near 'id IN (12, 13, 14, 15, 16, 17, 18, 19, 20, 21) AND `IssueTag`.`tag_id` = `Tag`.`' at line 1</span> in [C:\Server\xampp\htdocs\issues\cake\libs\model\datasources\dbo_source.php, line 615]
2010-03-26 17:58:19 Warning: Warning (512): <span style="color:Red;text-align:left"><b>SQL Error:</b> 1064: You have an error in your SQL syntax; check the manual that corresponds to your MySQL server version for the right syntax to use near 'id IN (22, 23, 24, 25, 26, 27, 28, 29, 30) AND `IssueTag`.`tag_id` = `Tag`.`tag_' at line 1</span> in [C:\Server\xampp\htdocs\issues\cake\libs\model\datasources\dbo_source.php, line 615]
2010-03-26 17:58:21 Warning: Warning (512): <span style="color:Red;text-align:left"><b>SQL Error:</b> 1064: You have an error in your SQL syntax; check the manual that corresponds to your MySQL server version for the right syntax to use near 'id IN (1, 2, 4, 5, 6, 7, 8, 9, 10, 11) AND `IssueTag`.`tag_id` = `Tag`.`tag_id`)' at line 1</span> in [C:\Server\xampp\htdocs\issues\cake\libs\model\datasources\dbo_source.php, line 615]
2010-03-26 17:58:27 Warning: Warning (512): <span style="color:Red;text-align:left"><b>SQL Error:</b> 1064: You have an error in your SQL syntax; check the manual that corresponds to your MySQL server version for the right syntax to use near 'id IN (1, 2, 4, 5, 6, 7, 8, 9, 10, 11, 12, 13, 14, 15, 16, 17, 18, 19, 20, 21) A' at line 1</span> in [C:\Server\xampp\htdocs\issues\cake\libs\model\datasources\dbo_source.php, line 615]
2010-03-26 17:58:27 Warning: Warning (512): <span style="color:Red;text-align:left"><b>SQL Error:</b> 1064: You have an error in your SQL syntax; check the manual that corresponds to your MySQL server version for the right syntax to use near 'id IN (1, 2, 4, 5, 6, 7, 8, 9, 10, 11, 12, 13, 14, 15, 16, 17, 18, 19, 20, 21) A' at line 1</span> in [C:\Server\xampp\htdocs\issues\cake\libs\model\datasources\dbo_source.php, line 615]
2010-03-26 18:03:54 Warning: Warning (512): Model "Issue" is not associated with model "Issue" in [C:\Server\xampp\htdocs\issues\cake\libs\model\behaviors\containable.php, line 346]
2010-03-26 18:03:55 Warning: Warning (512): Model "Issue" is not associated with model "Issue" in [C:\Server\xampp\htdocs\issues\cake\libs\model\behaviors\containable.php, line 346]
2010-03-26 18:04:06 Warning: Warning (512): Model "Issue" is not associated with model "Issue" in [C:\Server\xampp\htdocs\issues\cake\libs\model\behaviors\containable.php, line 346]
2010-03-26 18:04:07 Warning: Warning (512): Model "Issue" is not associated with model "Issue" in [C:\Server\xampp\htdocs\issues\cake\libs\model\behaviors\containable.php, line 346]
2010-03-26 20:56:56 Warning: Warning (2): Invalid argument supplied for foreach() in [C:\Server\xampp\htdocs\issues\app\views\layouts\default.ctp, line 50]
2010-03-26 20:57:26 Warning: Warning (2): Invalid argument supplied for foreach() in [C:\Server\xampp\htdocs\issues\app\views\layouts\default.ctp, line 50]
2010-03-26 20:57:36 Warning: Warning (2): Invalid argument supplied for foreach() in [C:\Server\xampp\htdocs\issues\app\views\layouts\default.ctp, line 50]
2010-03-26 20:57:50 Warning: Warning (2): Invalid argument supplied for foreach() in [C:\Server\xampp\htdocs\issues\app\views\layouts\default.ctp, line 50]
2010-03-26 20:59:28 Warning: Warning (2): Invalid argument supplied for foreach() in [C:\Server\xampp\htdocs\issues\app\views\layouts\default.ctp, line 50]
2010-03-27 10:18:27 Warning: Warning (2): Invalid argument supplied for foreach() in [C:\Server\xampp\htdocs\issues\app\views\layouts\default.ctp, line 50]
2010-03-27 10:18:50 Warning: Warning (2): Invalid argument supplied for foreach() in [C:\Server\xampp\htdocs\issues\app\views\layouts\default.ctp, line 50]
2010-03-27 10:18:56 Warning: Warning (2): Invalid argument supplied for foreach() in [C:\Server\xampp\htdocs\issues\app\views\layouts\default.ctp, line 50]
2010-03-27 10:19:02 Warning: Warning (2): Invalid argument supplied for foreach() in [C:\Server\xampp\htdocs\issues\app\views\layouts\default.ctp, line 50]
2010-03-27 10:23:43 Warning: Warning (2): Invalid argument supplied for foreach() in [C:\Server\xampp\htdocs\issues\app\views\layouts\default.ctp, line 50]
2010-03-27 10:24:07 Warning: Warning (2): Invalid argument supplied for foreach() in [C:\Server\xampp\htdocs\issues\app\views\layouts\default.ctp, line 50]
2010-03-27 10:24:22 Warning: Warning (2): Invalid argument supplied for foreach() in [C:\Server\xampp\htdocs\issues\app\views\layouts\default.ctp, line 50]
2010-03-27 10:24:33 Warning: Warning (2): Invalid argument supplied for foreach() in [C:\Server\xampp\htdocs\issues\app\views\layouts\default.ctp, line 50]
2010-03-27 10:25:48 Warning: Warning (2): Invalid argument supplied for foreach() in [C:\Server\xampp\htdocs\issues\app\views\layouts\default.ctp, line 50]
2010-03-27 10:25:55 Warning: Warning (2): Invalid argument supplied for foreach() in [C:\Server\xampp\htdocs\issues\app\views\layouts\default.ctp, line 50]
2010-03-27 10:32:46 Warning: Warning (2): Invalid argument supplied for foreach() in [C:\Server\xampp\htdocs\issues\app\views\layouts\default.ctp, line 50]
2010-03-27 10:37:46 Warning: Warning (2): Invalid argument supplied for foreach() in [C:\Server\xampp\htdocs\issues\app\views\layouts\default.ctp, line 50]
2010-03-27 10:38:08 Warning: Warning (2): Invalid argument supplied for foreach() in [C:\Server\xampp\htdocs\issues\app\views\layouts\default.ctp, line 50]
2010-03-27 10:40:47 Warning: Warning (2): Invalid argument supplied for foreach() in [C:\Server\xampp\htdocs\issues\app\views\layouts\default.ctp, line 50]
2010-03-27 10:44:16 Warning: Warning (512): <span style="color:Red;text-align:left"><b>SQL Error:</b> 1054: Unknown column 'Array' in 'where clause'</span> in [C:\Server\xampp\htdocs\issues\cake\libs\model\datasources\dbo_source.php, line 615]
2010-03-27 10:44:16 Warning: Warning (2): Invalid argument supplied for foreach() in [C:\Server\xampp\htdocs\issues\app\views\issues\status.ctp, line 26]
2010-03-27 10:44:16 Warning: Warning (512): <span style="color:Red;text-align:left"><b>SQL Error:</b> 1054: Unknown column 'Array' in 'where clause'</span> in [C:\Server\xampp\htdocs\issues\cake\libs\model\datasources\dbo_source.php, line 615]
2010-03-27 10:44:16 Warning: Warning (2): Invalid argument supplied for foreach() in [C:\Server\xampp\htdocs\issues\app\views\issues\status.ctp, line 26]
2010-03-27 10:46:52 Warning: Warning (512): <span style="color:Red;text-align:left"><b>SQL Error:</b> 1054: Unknown column 'Array' in 'where clause'</span> in [C:\Server\xampp\htdocs\issues\cake\libs\model\datasources\dbo_source.php, line 615]
2010-03-27 10:46:52 Warning: Warning (2): Invalid argument supplied for foreach() in [C:\Server\xampp\htdocs\issues\app\views\issues\status.ctp, line 26]
2010-03-27 10:46:52 Warning: Warning (512): <span style="color:Red;text-align:left"><b>SQL Error:</b> 1054: Unknown column 'Array' in 'where clause'</span> in [C:\Server\xampp\htdocs\issues\cake\libs\model\datasources\dbo_source.php, line 615]
2010-03-27 10:46:52 Warning: Warning (2): Invalid argument supplied for foreach() in [C:\Server\xampp\htdocs\issues\app\views\issues\status.ctp, line 26]
2010-03-27 10:58:02 Warning: Warning (512): Model "Issue" is not associated with model "IssueType" in [C:\Server\xampp\htdocs\issues\cake\libs\model\behaviors\containable.php, line 346]
2010-03-27 10:58:03 Warning: Warning (512): Model "Issue" is not associated with model "IssueType" in [C:\Server\xampp\htdocs\issues\cake\libs\model\behaviors\containable.php, line 346]
2010-03-27 10:58:14 Warning: Warning (2): Invalid argument supplied for foreach() in [C:\Server\xampp\htdocs\issues\app\views\layouts\default.ctp, line 51]
2010-03-27 10:59:09 Warning: Warning (2): Invalid argument supplied for foreach() in [C:\Server\xampp\htdocs\issues\app\views\layouts\default.ctp, line 51]
2010-03-27 10:59:26 Warning: Warning (2): Invalid argument supplied for foreach() in [C:\Server\xampp\htdocs\issues\app\views\layouts\default.ctp, line 51]
2010-03-27 10:59:28 Warning: Warning (2): Invalid argument supplied for foreach() in [C:\Server\xampp\htdocs\issues\app\views\layouts\default.ctp, line 51]
2010-03-27 11:15:21 Warning: Warning (2): Invalid argument supplied for foreach() in [C:\Server\xampp\htdocs\issues\app\views\layouts\default.ctp, line 51]
2010-03-27 11:28:50 Warning: Warning (2): Invalid argument supplied for foreach() in [C:\Server\xampp\htdocs\issues\app\views\layouts\default.ctp, line 51]
2010-03-27 11:28:55 Warning: Warning (2): Invalid argument supplied for foreach() in [C:\Server\xampp\htdocs\issues\app\views\layouts\default.ctp, line 51]
2010-03-27 11:28:56 Warning: Warning (2): Invalid argument supplied for foreach() in [C:\Server\xampp\htdocs\issues\app\views\layouts\default.ctp, line 51]
2010-03-27 11:28:57 Warning: Warning (2): Invalid argument supplied for foreach() in [C:\Server\xampp\htdocs\issues\app\views\layouts\default.ctp, line 51]
2010-03-27 11:28:57 Warning: Warning (2): Invalid argument supplied for foreach() in [C:\Server\xampp\htdocs\issues\app\views\layouts\default.ctp, line 51]
2010-03-27 11:37:36 Warning: Warning (2): Invalid argument supplied for foreach() in [C:\Server\xampp\htdocs\issues\app\views\layouts\default.ctp, line 51]
2010-03-27 14:12:45 Warning: Warning (512): <span style="color:Red;text-align:left"><b>SQL Error:</b> 1054: Unknown column 'Issue.status_id' in 'where clause'</span> in [C:\Server\xampp\htdocs\issues\cake\libs\model\datasources\dbo_source.php, line 615]
2010-03-27 14:12:45 Warning: Warning (2): Invalid argument supplied for foreach() in [C:\Server\xampp\htdocs\issues\app\views\issues\status.ctp, line 27]
2010-03-27 14:12:45 Warning: Warning (512): <span style="color:Red;text-align:left"><b>SQL Error:</b> 1054: Unknown column 'Issue.status_id' in 'where clause'</span> in [C:\Server\xampp\htdocs\issues\cake\libs\model\datasources\dbo_source.php, line 615]
2010-03-27 14:12:45 Warning: Warning (2): Invalid argument supplied for foreach() in [C:\Server\xampp\htdocs\issues\app\views\issues\status.ctp, line 27]
2010-03-27 15:06:30 Warning: Warning (2): Invalid argument supplied for foreach() in [C:\Server\xampp\htdocs\issues\app\views\layouts\default.ctp, line 51]
2010-03-27 15:36:48 Warning: Warning (2): Cannot modify header information - headers already sent by (output started at C:\Server\xampp\htdocs\issues\cake\libs\debugger.php:663) in [C:\Server\xampp\htdocs\issues\cake\libs\controller\components\cookie.php, line 365]
2010-03-27 15:37:13 Warning: Warning (2): Cannot modify header information - headers already sent by (output started at C:\Server\xampp\htdocs\issues\cake\libs\debugger.php:663) in [C:\Server\xampp\htdocs\issues\cake\libs\controller\components\cookie.php, line 365]
2010-03-27 15:38:52 Warning: Warning (2): Cannot modify header information - headers already sent by (output started at C:\Server\xampp\htdocs\issues\cake\libs\debugger.php:663) in [C:\Server\xampp\htdocs\issues\cake\libs\controller\components\cookie.php, line 365]
2010-03-27 15:39:33 Warning: Warning (512): <span style="color:Red;text-align:left"><b>SQL Error:</b> 1054: Unknown column 'User.userid' in 'where clause'</span> in [C:\Server\xampp\htdocs\issues\cake\libs\model\datasources\dbo_source.php, line 615]
2010-03-27 15:43:42 Warning: Warning (2): Invalid argument supplied for foreach() in [C:\Server\xampp\htdocs\issues\app\views\layouts\default.ctp, line 51]
2010-03-27 16:10:47 Warning: Warning (2): Cannot modify header information - headers already sent by (output started at C:\Server\xampp\htdocs\issues\cake\basics.php:107) in [C:\Server\xampp\htdocs\issues\cake\libs\controller\components\cookie.php, line 365]
2010-03-27 17:04:57 Warning: Warning (2): Invalid argument supplied for foreach() in [C:\Server\xampp\htdocs\issues\app\views\layouts\default.ctp, line 63]
2010-03-27 17:08:30 Warning: Warning (512): <span style="color:Red;text-align:left"><b>SQL Error:</b> 1048: Column 'content' cannot be null</span> in [C:\Server\xampp\htdocs\issues\cake\libs\model\datasources\dbo_source.php, line 615]
2010-03-27 17:18:53 Warning: Warning (512): <span style="color:Red;text-align:left"><b>SQL Error:</b> 1052: Column 'created' in order clause is ambiguous</span> in [C:\Server\xampp\htdocs\issues\cake\libs\model\datasources\dbo_source.php, line 615]
2010-03-27 17:18:53 Warning: Warning (2): Invalid argument supplied for foreach() in [C:\Server\xampp\htdocs\issues\app\views\issues\view.ctp, line 23]
2010-03-27 17:18:54 Warning: Warning (512): <span style="color:Red;text-align:left"><b>SQL Error:</b> 1052: Column 'created' in order clause is ambiguous</span> in [C:\Server\xampp\htdocs\issues\cake\libs\model\datasources\dbo_source.php, line 615]
2010-03-27 17:18:54 Warning: Warning (2): Invalid argument supplied for foreach() in [C:\Server\xampp\htdocs\issues\app\views\issues\view.ctp, line 23]
2010-03-28 18:35:20 Warning: Warning (512): <span style="color:Red;text-align:left"><b>SQL Error:</b> 1064: You have an error in your SQL syntax; check the manual that corresponds to your MySQL server version for the right syntax to use near 'is.*
				,sq.total
			FROM
				issue_status AS is
			LEFT JOIN
				(
					' at line 2</span> in [C:\Server\xampp\htdocs\issues\cake\libs\model\datasources\dbo_source.php, line 615]
2010-03-28 18:37:59 Warning: Warning (512): <span style="color:Red;text-align:left"><b>SQL Error:</b> 1054: Unknown column 'sq.status_id' in 'on clause'</span> in [C:\Server\xampp\htdocs\issues\cake\libs\model\datasources\dbo_source.php, line 615]
2010-03-28 21:39:41 Warning: Warning (2): Invalid argument supplied for foreach() in [C:\Server\xampp\htdocs\issues\app\views\layouts\default.ctp, line 63]
2010-03-28 22:15:24 Warning: Warning (2): Invalid argument supplied for foreach() in [C:\Server\xampp\htdocs\issues\app\views\layouts\default.ctp, line 63]
2010-03-28 22:18:27 Warning: Warning (512): Model "Issue" is not associated with model "Comment" in [C:\Server\xampp\htdocs\issues\cake\libs\model\behaviors\containable.php, line 346]
2010-03-28 22:18:27 Warning: Warning (512): Model "Issue" is not associated with model "Comment" in [C:\Server\xampp\htdocs\issues\cake\libs\model\behaviors\containable.php, line 346]
2010-03-28 22:26:59 Warning: Warning (2): htmlspecialchars() [<a href='function.htmlspecialchars'>function.htmlspecialchars</a>]: Invalid multibyte sequence in argument in [C:\Server\xampp\htdocs\issues\cake\basics.php, line 218]
2010-03-28 22:26:59 Warning: Warning (2): htmlspecialchars() [<a href='function.htmlspecialchars'>function.htmlspecialchars</a>]: Invalid multibyte sequence in argument in [C:\Server\xampp\htdocs\issues\cake\basics.php, line 218]
2010-03-28 22:27:01 Warning: Warning (2): htmlspecialchars() [<a href='function.htmlspecialchars'>function.htmlspecialchars</a>]: Invalid multibyte sequence in argument in [C:\Server\xampp\htdocs\issues\cake\basics.php, line 218]
2010-03-28 22:27:01 Warning: Warning (2): htmlspecialchars() [<a href='function.htmlspecialchars'>function.htmlspecialchars</a>]: Invalid multibyte sequence in argument in [C:\Server\xampp\htdocs\issues\cake\basics.php, line 218]
2010-03-28 22:27:02 Warning: Warning (2): htmlspecialchars() [<a href='function.htmlspecialchars'>function.htmlspecialchars</a>]: Invalid multibyte sequence in argument in [C:\Server\xampp\htdocs\issues\cake\basics.php, line 218]
2010-03-28 22:27:02 Warning: Warning (2): htmlspecialchars() [<a href='function.htmlspecialchars'>function.htmlspecialchars</a>]: Invalid multibyte sequence in argument in [C:\Server\xampp\htdocs\issues\cake\basics.php, line 218]
2010-03-28 22:27:03 Warning: Warning (2): htmlspecialchars() [<a href='function.htmlspecialchars'>function.htmlspecialchars</a>]: Invalid multibyte sequence in argument in [C:\Server\xampp\htdocs\issues\cake\basics.php, line 218]
2010-03-28 22:27:03 Warning: Warning (2): htmlspecialchars() [<a href='function.htmlspecialchars'>function.htmlspecialchars</a>]: Invalid multibyte sequence in argument in [C:\Server\xampp\htdocs\issues\cake\basics.php, line 218]
2010-03-28 22:27:04 Warning: Warning (2): htmlspecialchars() [<a href='function.htmlspecialchars'>function.htmlspecialchars</a>]: Invalid multibyte sequence in argument in [C:\Server\xampp\htdocs\issues\cake\basics.php, line 218]
2010-03-28 22:27:04 Warning: Warning (2): htmlspecialchars() [<a href='function.htmlspecialchars'>function.htmlspecialchars</a>]: Invalid multibyte sequence in argument in [C:\Server\xampp\htdocs\issues\cake\basics.php, line 218]
2010-03-28 22:27:26 Warning: Warning (2): htmlspecialchars() [<a href='function.htmlspecialchars'>function.htmlspecialchars</a>]: Invalid multibyte sequence in argument in [C:\Server\xampp\htdocs\issues\cake\basics.php, line 218]
2010-03-28 22:27:26 Warning: Warning (2): htmlspecialchars() [<a href='function.htmlspecialchars'>function.htmlspecialchars</a>]: Invalid multibyte sequence in argument in [C:\Server\xampp\htdocs\issues\cake\basics.php, line 218]
2010-03-28 22:27:28 Warning: Warning (2): htmlspecialchars() [<a href='function.htmlspecialchars'>function.htmlspecialchars</a>]: Invalid multibyte sequence in argument in [C:\Server\xampp\htdocs\issues\cake\basics.php, line 218]
2010-03-28 22:27:28 Warning: Warning (2): htmlspecialchars() [<a href='function.htmlspecialchars'>function.htmlspecialchars</a>]: Invalid multibyte sequence in argument in [C:\Server\xampp\htdocs\issues\cake\basics.php, line 218]
2010-03-28 22:28:14 Warning: Warning (2): htmlspecialchars() [<a href='function.htmlspecialchars'>function.htmlspecialchars</a>]: Invalid multibyte sequence in argument in [C:\Server\xampp\htdocs\issues\cake\basics.php, line 218]
2010-03-28 22:28:14 Warning: Warning (2): htmlspecialchars() [<a href='function.htmlspecialchars'>function.htmlspecialchars</a>]: Invalid multibyte sequence in argument in [C:\Server\xampp\htdocs\issues\cake\basics.php, line 218]
2010-03-28 22:28:17 Warning: Warning (2): htmlspecialchars() [<a href='function.htmlspecialchars'>function.htmlspecialchars</a>]: Invalid multibyte sequence in argument in [C:\Server\xampp\htdocs\issues\cake\basics.php, line 218]
2010-03-28 22:28:17 Warning: Warning (2): htmlspecialchars() [<a href='function.htmlspecialchars'>function.htmlspecialchars</a>]: Invalid multibyte sequence in argument in [C:\Server\xampp\htdocs\issues\cake\basics.php, line 218]
2010-03-28 22:28:19 Warning: Warning (2): htmlspecialchars() [<a href='function.htmlspecialchars'>function.htmlspecialchars</a>]: Invalid multibyte sequence in argument in [C:\Server\xampp\htdocs\issues\cake\basics.php, line 218]
2010-03-28 22:28:19 Warning: Warning (2): htmlspecialchars() [<a href='function.htmlspecialchars'>function.htmlspecialchars</a>]: Invalid multibyte sequence in argument in [C:\Server\xampp\htdocs\issues\cake\basics.php, line 218]
2010-03-28 22:28:20 Warning: Warning (2): htmlspecialchars() [<a href='function.htmlspecialchars'>function.htmlspecialchars</a>]: Invalid multibyte sequence in argument in [C:\Server\xampp\htdocs\issues\cake\basics.php, line 218]
2010-03-28 22:28:20 Warning: Warning (2): htmlspecialchars() [<a href='function.htmlspecialchars'>function.htmlspecialchars</a>]: Invalid multibyte sequence in argument in [C:\Server\xampp\htdocs\issues\cake\basics.php, line 218]
2010-03-28 22:28:37 Warning: Warning (2): htmlspecialchars() [<a href='function.htmlspecialchars'>function.htmlspecialchars</a>]: Invalid multibyte sequence in argument in [C:\Server\xampp\htdocs\issues\cake\basics.php, line 218]
2010-03-28 22:28:37 Warning: Warning (2): htmlspecialchars() [<a href='function.htmlspecialchars'>function.htmlspecialchars</a>]: Invalid multibyte sequence in argument in [C:\Server\xampp\htdocs\issues\cake\basics.php, line 218]
2010-03-28 22:28:47 Warning: Warning (2): htmlspecialchars() [<a href='function.htmlspecialchars'>function.htmlspecialchars</a>]: Invalid multibyte sequence in argument in [C:\Server\xampp\htdocs\issues\cake\basics.php, line 218]
2010-03-28 22:28:47 Warning: Warning (2): htmlspecialchars() [<a href='function.htmlspecialchars'>function.htmlspecialchars</a>]: Invalid multibyte sequence in argument in [C:\Server\xampp\htdocs\issues\cake\basics.php, line 218]
2010-03-28 22:29:10 Warning: Warning (2): htmlspecialchars() [<a href='function.htmlspecialchars'>function.htmlspecialchars</a>]: Invalid multibyte sequence in argument in [C:\Server\xampp\htdocs\issues\cake\basics.php, line 218]
2010-03-28 22:29:10 Warning: Warning (2): htmlspecialchars() [<a href='function.htmlspecialchars'>function.htmlspecialchars</a>]: Invalid multibyte sequence in argument in [C:\Server\xampp\htdocs\issues\cake\basics.php, line 218]
2010-03-28 22:29:19 Warning: Warning (2): htmlspecialchars() [<a href='function.htmlspecialchars'>function.htmlspecialchars</a>]: Invalid multibyte sequence in argument in [C:\Server\xampp\htdocs\issues\cake\basics.php, line 218]
2010-03-28 22:29:19 Warning: Warning (2): htmlspecialchars() [<a href='function.htmlspecialchars'>function.htmlspecialchars</a>]: Invalid multibyte sequence in argument in [C:\Server\xampp\htdocs\issues\cake\basics.php, line 218]
2010-03-28 22:29:31 Warning: Warning (2): htmlspecialchars() [<a href='function.htmlspecialchars'>function.htmlspecialchars</a>]: Invalid multibyte sequence in argument in [C:\Server\xampp\htdocs\issues\cake\basics.php, line 218]
2010-03-28 22:29:31 Warning: Warning (2): htmlspecialchars() [<a href='function.htmlspecialchars'>function.htmlspecialchars</a>]: Invalid multibyte sequence in argument in [C:\Server\xampp\htdocs\issues\cake\basics.php, line 218]
2010-03-28 22:29:39 Warning: Warning (2): htmlspecialchars() [<a href='function.htmlspecialchars'>function.htmlspecialchars</a>]: Invalid multibyte sequence in argument in [C:\Server\xampp\htdocs\issues\cake\basics.php, line 218]
2010-03-28 22:29:39 Warning: Warning (2): htmlspecialchars() [<a href='function.htmlspecialchars'>function.htmlspecialchars</a>]: Invalid multibyte sequence in argument in [C:\Server\xampp\htdocs\issues\cake\basics.php, line 218]
2010-03-28 22:29:40 Warning: Warning (2): htmlspecialchars() [<a href='function.htmlspecialchars'>function.htmlspecialchars</a>]: Invalid multibyte sequence in argument in [C:\Server\xampp\htdocs\issues\cake\basics.php, line 218]
2010-03-28 22:29:40 Warning: Warning (2): htmlspecialchars() [<a href='function.htmlspecialchars'>function.htmlspecialchars</a>]: Invalid multibyte sequence in argument in [C:\Server\xampp\htdocs\issues\cake\basics.php, line 218]
2010-03-28 22:30:21 Warning: Warning (2): htmlspecialchars() [<a href='function.htmlspecialchars'>function.htmlspecialchars</a>]: Invalid multibyte sequence in argument in [C:\Server\xampp\htdocs\issues\cake\basics.php, line 218]
2010-03-28 22:30:21 Warning: Warning (2): htmlspecialchars() [<a href='function.htmlspecialchars'>function.htmlspecialchars</a>]: Invalid multibyte sequence in argument in [C:\Server\xampp\htdocs\issues\cake\basics.php, line 218]
2010-03-28 22:30:21 Warning: Warning (2): htmlspecialchars() [<a href='function.htmlspecialchars'>function.htmlspecialchars</a>]: Invalid multibyte sequence in argument in [C:\Server\xampp\htdocs\issues\cake\basics.php, line 218]
2010-03-28 22:30:21 Warning: Warning (2): htmlspecialchars() [<a href='function.htmlspecialchars'>function.htmlspecialchars</a>]: Invalid multibyte sequence in argument in [C:\Server\xampp\htdocs\issues\cake\basics.php, line 218]
2010-03-28 22:30:35 Warning: Warning (2): htmlspecialchars() [<a href='function.htmlspecialchars'>function.htmlspecialchars</a>]: Invalid multibyte sequence in argument in [C:\Server\xampp\htdocs\issues\cake\basics.php, line 218]
2010-03-28 22:30:35 Warning: Warning (2): htmlspecialchars() [<a href='function.htmlspecialchars'>function.htmlspecialchars</a>]: Invalid multibyte sequence in argument in [C:\Server\xampp\htdocs\issues\cake\basics.php, line 218]
2010-03-28 22:30:35 Warning: Warning (2): htmlspecialchars() [<a href='function.htmlspecialchars'>function.htmlspecialchars</a>]: Invalid multibyte sequence in argument in [C:\Server\xampp\htdocs\issues\cake\basics.php, line 218]
2010-03-28 22:30:35 Warning: Warning (2): htmlspecialchars() [<a href='function.htmlspecialchars'>function.htmlspecialchars</a>]: Invalid multibyte sequence in argument in [C:\Server\xampp\htdocs\issues\cake\basics.php, line 218]
2010-03-28 22:30:37 Warning: Warning (2): htmlspecialchars() [<a href='function.htmlspecialchars'>function.htmlspecialchars</a>]: Invalid multibyte sequence in argument in [C:\Server\xampp\htdocs\issues\cake\basics.php, line 218]
2010-03-28 22:30:37 Warning: Warning (2): htmlspecialchars() [<a href='function.htmlspecialchars'>function.htmlspecialchars</a>]: Invalid multibyte sequence in argument in [C:\Server\xampp\htdocs\issues\cake\basics.php, line 218]
2010-03-28 22:30:37 Warning: Warning (2): htmlspecialchars() [<a href='function.htmlspecialchars'>function.htmlspecialchars</a>]: Invalid multibyte sequence in argument in [C:\Server\xampp\htdocs\issues\cake\basics.php, line 218]
2010-03-28 22:30:37 Warning: Warning (2): htmlspecialchars() [<a href='function.htmlspecialchars'>function.htmlspecialchars</a>]: Invalid multibyte sequence in argument in [C:\Server\xampp\htdocs\issues\cake\basics.php, line 218]
2010-03-28 22:30:38 Warning: Warning (2): htmlspecialchars() [<a href='function.htmlspecialchars'>function.htmlspecialchars</a>]: Invalid multibyte sequence in argument in [C:\Server\xampp\htdocs\issues\cake\basics.php, line 218]
2010-03-28 22:30:38 Warning: Warning (2): htmlspecialchars() [<a href='function.htmlspecialchars'>function.htmlspecialchars</a>]: Invalid multibyte sequence in argument in [C:\Server\xampp\htdocs\issues\cake\basics.php, line 218]
2010-03-28 22:30:38 Warning: Warning (2): htmlspecialchars() [<a href='function.htmlspecialchars'>function.htmlspecialchars</a>]: Invalid multibyte sequence in argument in [C:\Server\xampp\htdocs\issues\cake\basics.php, line 218]
2010-03-28 22:30:38 Warning: Warning (2): htmlspecialchars() [<a href='function.htmlspecialchars'>function.htmlspecialchars</a>]: Invalid multibyte sequence in argument in [C:\Server\xampp\htdocs\issues\cake\basics.php, line 218]
2010-03-28 22:30:39 Warning: Warning (2): htmlspecialchars() [<a href='function.htmlspecialchars'>function.htmlspecialchars</a>]: Invalid multibyte sequence in argument in [C:\Server\xampp\htdocs\issues\cake\basics.php, line 218]
2010-03-28 22:30:39 Warning: Warning (2): htmlspecialchars() [<a href='function.htmlspecialchars'>function.htmlspecialchars</a>]: Invalid multibyte sequence in argument in [C:\Server\xampp\htdocs\issues\cake\basics.php, line 218]
2010-03-28 22:30:39 Warning: Warning (2): htmlspecialchars() [<a href='function.htmlspecialchars'>function.htmlspecialchars</a>]: Invalid multibyte sequence in argument in [C:\Server\xampp\htdocs\issues\cake\basics.php, line 218]
2010-03-28 22:30:39 Warning: Warning (2): htmlspecialchars() [<a href='function.htmlspecialchars'>function.htmlspecialchars</a>]: Invalid multibyte sequence in argument in [C:\Server\xampp\htdocs\issues\cake\basics.php, line 218]
2010-03-28 22:30:40 Warning: Warning (2): htmlspecialchars() [<a href='function.htmlspecialchars'>function.htmlspecialchars</a>]: Invalid multibyte sequence in argument in [C:\Server\xampp\htdocs\issues\cake\basics.php, line 218]
2010-03-28 22:30:40 Warning: Warning (2): htmlspecialchars() [<a href='function.htmlspecialchars'>function.htmlspecialchars</a>]: Invalid multibyte sequence in argument in [C:\Server\xampp\htdocs\issues\cake\basics.php, line 218]
2010-03-28 22:30:40 Warning: Warning (2): htmlspecialchars() [<a href='function.htmlspecialchars'>function.htmlspecialchars</a>]: Invalid multibyte sequence in argument in [C:\Server\xampp\htdocs\issues\cake\basics.php, line 218]
2010-03-28 22:30:40 Warning: Warning (2): htmlspecialchars() [<a href='function.htmlspecialchars'>function.htmlspecialchars</a>]: Invalid multibyte sequence in argument in [C:\Server\xampp\htdocs\issues\cake\basics.php, line 218]
2010-03-28 22:30:49 Warning: Warning (2): htmlspecialchars() [<a href='function.htmlspecialchars'>function.htmlspecialchars</a>]: Invalid multibyte sequence in argument in [C:\Server\xampp\htdocs\issues\cake\basics.php, line 218]
2010-03-28 22:30:49 Warning: Warning (2): htmlspecialchars() [<a href='function.htmlspecialchars'>function.htmlspecialchars</a>]: Invalid multibyte sequence in argument in [C:\Server\xampp\htdocs\issues\cake\basics.php, line 218]
2010-03-28 22:30:49 Warning: Warning (2): htmlspecialchars() [<a href='function.htmlspecialchars'>function.htmlspecialchars</a>]: Invalid multibyte sequence in argument in [C:\Server\xampp\htdocs\issues\cake\basics.php, line 218]
2010-03-28 22:30:49 Warning: Warning (2): htmlspecialchars() [<a href='function.htmlspecialchars'>function.htmlspecialchars</a>]: Invalid multibyte sequence in argument in [C:\Server\xampp\htdocs\issues\cake\basics.php, line 218]
2010-03-28 22:30:53 Warning: Warning (2): htmlspecialchars() [<a href='function.htmlspecialchars'>function.htmlspecialchars</a>]: Invalid multibyte sequence in argument in [C:\Server\xampp\htdocs\issues\cake\basics.php, line 218]
2010-03-28 22:30:53 Warning: Warning (2): htmlspecialchars() [<a href='function.htmlspecialchars'>function.htmlspecialchars</a>]: Invalid multibyte sequence in argument in [C:\Server\xampp\htdocs\issues\cake\basics.php, line 218]
2010-03-28 22:30:53 Warning: Warning (2): htmlspecialchars() [<a href='function.htmlspecialchars'>function.htmlspecialchars</a>]: Invalid multibyte sequence in argument in [C:\Server\xampp\htdocs\issues\cake\basics.php, line 218]
2010-03-28 22:30:53 Warning: Warning (2): htmlspecialchars() [<a href='function.htmlspecialchars'>function.htmlspecialchars</a>]: Invalid multibyte sequence in argument in [C:\Server\xampp\htdocs\issues\cake\basics.php, line 218]
2010-03-28 22:31:28 Warning: Warning (2): htmlspecialchars() [<a href='function.htmlspecialchars'>function.htmlspecialchars</a>]: Invalid multibyte sequence in argument in [C:\Server\xampp\htdocs\issues\cake\basics.php, line 218]
2010-03-28 22:31:28 Warning: Warning (2): htmlspecialchars() [<a href='function.htmlspecialchars'>function.htmlspecialchars</a>]: Invalid multibyte sequence in argument in [C:\Server\xampp\htdocs\issues\cake\basics.php, line 218]
2010-03-28 22:31:28 Warning: Warning (2): htmlspecialchars() [<a href='function.htmlspecialchars'>function.htmlspecialchars</a>]: Invalid multibyte sequence in argument in [C:\Server\xampp\htdocs\issues\cake\basics.php, line 218]
2010-03-28 22:31:28 Warning: Warning (2): htmlspecialchars() [<a href='function.htmlspecialchars'>function.htmlspecialchars</a>]: Invalid multibyte sequence in argument in [C:\Server\xampp\htdocs\issues\cake\basics.php, line 218]
2010-03-28 22:33:36 Warning: Warning (2): htmlspecialchars() [<a href='function.htmlspecialchars'>function.htmlspecialchars</a>]: Invalid multibyte sequence in argument in [C:\Server\xampp\htdocs\issues\cake\basics.php, line 218]
2010-03-28 22:33:36 Warning: Warning (2): htmlspecialchars() [<a href='function.htmlspecialchars'>function.htmlspecialchars</a>]: Invalid multibyte sequence in argument in [C:\Server\xampp\htdocs\issues\cake\basics.php, line 218]
2010-03-28 22:33:36 Warning: Warning (2): htmlspecialchars() [<a href='function.htmlspecialchars'>function.htmlspecialchars</a>]: Invalid multibyte sequence in argument in [C:\Server\xampp\htdocs\issues\cake\basics.php, line 218]
2010-03-28 22:33:36 Warning: Warning (2): htmlspecialchars() [<a href='function.htmlspecialchars'>function.htmlspecialchars</a>]: Invalid multibyte sequence in argument in [C:\Server\xampp\htdocs\issues\cake\basics.php, line 218]
2010-03-28 23:01:10 Warning: Warning (2): htmlspecialchars() [<a href='function.htmlspecialchars'>function.htmlspecialchars</a>]: Invalid multibyte sequence in argument in [C:\Server\xampp\htdocs\issues\cake\basics.php, line 218]
2010-03-28 23:01:10 Warning: Warning (2): htmlspecialchars() [<a href='function.htmlspecialchars'>function.htmlspecialchars</a>]: Invalid multibyte sequence in argument in [C:\Server\xampp\htdocs\issues\cake\basics.php, line 218]
2010-03-28 23:01:10 Warning: Warning (2): htmlspecialchars() [<a href='function.htmlspecialchars'>function.htmlspecialchars</a>]: Invalid multibyte sequence in argument in [C:\Server\xampp\htdocs\issues\cake\basics.php, line 218]
2010-03-28 23:01:10 Warning: Warning (2): htmlspecialchars() [<a href='function.htmlspecialchars'>function.htmlspecialchars</a>]: Invalid multibyte sequence in argument in [C:\Server\xampp\htdocs\issues\cake\basics.php, line 218]
2010-03-28 23:01:13 Warning: Warning (2): htmlspecialchars() [<a href='function.htmlspecialchars'>function.htmlspecialchars</a>]: Invalid multibyte sequence in argument in [C:\Server\xampp\htdocs\issues\cake\basics.php, line 218]
2010-03-28 23:01:13 Warning: Warning (2): htmlspecialchars() [<a href='function.htmlspecialchars'>function.htmlspecialchars</a>]: Invalid multibyte sequence in argument in [C:\Server\xampp\htdocs\issues\cake\basics.php, line 218]
2010-03-28 23:01:13 Warning: Warning (2): htmlspecialchars() [<a href='function.htmlspecialchars'>function.htmlspecialchars</a>]: Invalid multibyte sequence in argument in [C:\Server\xampp\htdocs\issues\cake\basics.php, line 218]
2010-03-28 23:01:13 Warning: Warning (2): htmlspecialchars() [<a href='function.htmlspecialchars'>function.htmlspecialchars</a>]: Invalid multibyte sequence in argument in [C:\Server\xampp\htdocs\issues\cake\basics.php, line 218]
2010-03-28 23:01:13 Warning: Warning (2): htmlspecialchars() [<a href='function.htmlspecialchars'>function.htmlspecialchars</a>]: Invalid multibyte sequence in argument in [C:\Server\xampp\htdocs\issues\cake\basics.php, line 218]
2010-03-28 23:01:13 Warning: Warning (2): htmlspecialchars() [<a href='function.htmlspecialchars'>function.htmlspecialchars</a>]: Invalid multibyte sequence in argument in [C:\Server\xampp\htdocs\issues\cake\basics.php, line 218]
2010-03-28 23:01:13 Warning: Warning (2): htmlspecialchars() [<a href='function.htmlspecialchars'>function.htmlspecialchars</a>]: Invalid multibyte sequence in argument in [C:\Server\xampp\htdocs\issues\cake\basics.php, line 218]
2010-03-28 23:01:13 Warning: Warning (2): htmlspecialchars() [<a href='function.htmlspecialchars'>function.htmlspecialchars</a>]: Invalid multibyte sequence in argument in [C:\Server\xampp\htdocs\issues\cake\basics.php, line 218]
2010-03-28 23:01:14 Warning: Warning (2): htmlspecialchars() [<a href='function.htmlspecialchars'>function.htmlspecialchars</a>]: Invalid multibyte sequence in argument in [C:\Server\xampp\htdocs\issues\cake\basics.php, line 218]
2010-03-28 23:01:14 Warning: Warning (2): htmlspecialchars() [<a href='function.htmlspecialchars'>function.htmlspecialchars</a>]: Invalid multibyte sequence in argument in [C:\Server\xampp\htdocs\issues\cake\basics.php, line 218]
2010-03-28 23:01:14 Warning: Warning (2): htmlspecialchars() [<a href='function.htmlspecialchars'>function.htmlspecialchars</a>]: Invalid multibyte sequence in argument in [C:\Server\xampp\htdocs\issues\cake\basics.php, line 218]
2010-03-28 23:01:14 Warning: Warning (2): htmlspecialchars() [<a href='function.htmlspecialchars'>function.htmlspecialchars</a>]: Invalid multibyte sequence in argument in [C:\Server\xampp\htdocs\issues\cake\basics.php, line 218]
2010-03-28 23:01:15 Warning: Warning (2): htmlspecialchars() [<a href='function.htmlspecialchars'>function.htmlspecialchars</a>]: Invalid multibyte sequence in argument in [C:\Server\xampp\htdocs\issues\cake\basics.php, line 218]
2010-03-28 23:01:15 Warning: Warning (2): htmlspecialchars() [<a href='function.htmlspecialchars'>function.htmlspecialchars</a>]: Invalid multibyte sequence in argument in [C:\Server\xampp\htdocs\issues\cake\basics.php, line 218]
2010-03-28 23:01:15 Warning: Warning (2): htmlspecialchars() [<a href='function.htmlspecialchars'>function.htmlspecialchars</a>]: Invalid multibyte sequence in argument in [C:\Server\xampp\htdocs\issues\cake\basics.php, line 218]
2010-03-28 23:01:15 Warning: Warning (2): htmlspecialchars() [<a href='function.htmlspecialchars'>function.htmlspecialchars</a>]: Invalid multibyte sequence in argument in [C:\Server\xampp\htdocs\issues\cake\basics.php, line 218]
2010-03-28 23:01:17 Warning: Warning (2): htmlspecialchars() [<a href='function.htmlspecialchars'>function.htmlspecialchars</a>]: Invalid multibyte sequence in argument in [C:\Server\xampp\htdocs\issues\cake\basics.php, line 218]
2010-03-28 23:01:17 Warning: Warning (2): htmlspecialchars() [<a href='function.htmlspecialchars'>function.htmlspecialchars</a>]: Invalid multibyte sequence in argument in [C:\Server\xampp\htdocs\issues\cake\basics.php, line 218]
2010-03-28 23:01:17 Warning: Warning (2): htmlspecialchars() [<a href='function.htmlspecialchars'>function.htmlspecialchars</a>]: Invalid multibyte sequence in argument in [C:\Server\xampp\htdocs\issues\cake\basics.php, line 218]
2010-03-28 23:01:17 Warning: Warning (2): htmlspecialchars() [<a href='function.htmlspecialchars'>function.htmlspecialchars</a>]: Invalid multibyte sequence in argument in [C:\Server\xampp\htdocs\issues\cake\basics.php, line 218]
2010-03-28 23:01:18 Warning: Warning (2): htmlspecialchars() [<a href='function.htmlspecialchars'>function.htmlspecialchars</a>]: Invalid multibyte sequence in argument in [C:\Server\xampp\htdocs\issues\cake\basics.php, line 218]
2010-03-28 23:01:18 Warning: Warning (2): htmlspecialchars() [<a href='function.htmlspecialchars'>function.htmlspecialchars</a>]: Invalid multibyte sequence in argument in [C:\Server\xampp\htdocs\issues\cake\basics.php, line 218]
2010-03-28 23:01:18 Warning: Warning (2): htmlspecialchars() [<a href='function.htmlspecialchars'>function.htmlspecialchars</a>]: Invalid multibyte sequence in argument in [C:\Server\xampp\htdocs\issues\cake\basics.php, line 218]
2010-03-28 23:01:18 Warning: Warning (2): htmlspecialchars() [<a href='function.htmlspecialchars'>function.htmlspecialchars</a>]: Invalid multibyte sequence in argument in [C:\Server\xampp\htdocs\issues\cake\basics.php, line 218]
2010-03-28 23:01:21 Warning: Warning (2): htmlspecialchars() [<a href='function.htmlspecialchars'>function.htmlspecialchars</a>]: Invalid multibyte sequence in argument in [C:\Server\xampp\htdocs\issues\cake\basics.php, line 218]
2010-03-28 23:01:21 Warning: Warning (2): htmlspecialchars() [<a href='function.htmlspecialchars'>function.htmlspecialchars</a>]: Invalid multibyte sequence in argument in [C:\Server\xampp\htdocs\issues\cake\basics.php, line 218]
2010-03-28 23:01:21 Warning: Warning (2): htmlspecialchars() [<a href='function.htmlspecialchars'>function.htmlspecialchars</a>]: Invalid multibyte sequence in argument in [C:\Server\xampp\htdocs\issues\cake\basics.php, line 218]
2010-03-28 23:01:21 Warning: Warning (2): htmlspecialchars() [<a href='function.htmlspecialchars'>function.htmlspecialchars</a>]: Invalid multibyte sequence in argument in [C:\Server\xampp\htdocs\issues\cake\basics.php, line 218]
2010-03-29 21:52:27 Warning: Warning (2): htmlspecialchars() [<a href='function.htmlspecialchars'>function.htmlspecialchars</a>]: Invalid multibyte sequence in argument in [C:\Server\xampp\htdocs\issues\cake\basics.php, line 218]
2010-03-29 21:52:28 Warning: Warning (2): htmlspecialchars() [<a href='function.htmlspecialchars'>function.htmlspecialchars</a>]: Invalid multibyte sequence in argument in [C:\Server\xampp\htdocs\issues\cake\basics.php, line 218]
2010-03-29 21:52:28 Warning: Warning (2): htmlspecialchars() [<a href='function.htmlspecialchars'>function.htmlspecialchars</a>]: Invalid multibyte sequence in argument in [C:\Server\xampp\htdocs\issues\cake\basics.php, line 218]
2010-03-29 21:52:28 Warning: Warning (2): htmlspecialchars() [<a href='function.htmlspecialchars'>function.htmlspecialchars</a>]: Invalid multibyte sequence in argument in [C:\Server\xampp\htdocs\issues\cake\basics.php, line 218]
2010-03-29 21:54:01 Warning: Warning (2): htmlspecialchars() [<a href='function.htmlspecialchars'>function.htmlspecialchars</a>]: Invalid multibyte sequence in argument in [C:\Server\xampp\htdocs\issues\cake\basics.php, line 218]
2010-03-29 21:54:01 Warning: Warning (2): htmlspecialchars() [<a href='function.htmlspecialchars'>function.htmlspecialchars</a>]: Invalid multibyte sequence in argument in [C:\Server\xampp\htdocs\issues\cake\basics.php, line 218]
2010-03-29 21:54:01 Warning: Warning (2): htmlspecialchars() [<a href='function.htmlspecialchars'>function.htmlspecialchars</a>]: Invalid multibyte sequence in argument in [C:\Server\xampp\htdocs\issues\cake\basics.php, line 218]
2010-03-29 21:54:01 Warning: Warning (2): htmlspecialchars() [<a href='function.htmlspecialchars'>function.htmlspecialchars</a>]: Invalid multibyte sequence in argument in [C:\Server\xampp\htdocs\issues\cake\basics.php, line 218]
2010-03-29 21:58:41 Warning: Warning (2): htmlspecialchars() [<a href='function.htmlspecialchars'>function.htmlspecialchars</a>]: Invalid multibyte sequence in argument in [C:\Server\xampp\htdocs\issues\cake\basics.php, line 218]
2010-03-29 21:58:41 Warning: Warning (2): htmlspecialchars() [<a href='function.htmlspecialchars'>function.htmlspecialchars</a>]: Invalid multibyte sequence in argument in [C:\Server\xampp\htdocs\issues\cake\basics.php, line 218]
2010-03-29 21:58:41 Warning: Warning (2): htmlspecialchars() [<a href='function.htmlspecialchars'>function.htmlspecialchars</a>]: Invalid multibyte sequence in argument in [C:\Server\xampp\htdocs\issues\cake\basics.php, line 218]
2010-03-29 21:58:41 Warning: Warning (2): htmlspecialchars() [<a href='function.htmlspecialchars'>function.htmlspecialchars</a>]: Invalid multibyte sequence in argument in [C:\Server\xampp\htdocs\issues\cake\basics.php, line 218]
2010-03-29 21:58:42 Warning: Warning (2): htmlspecialchars() [<a href='function.htmlspecialchars'>function.htmlspecialchars</a>]: Invalid multibyte sequence in argument in [C:\Server\xampp\htdocs\issues\cake\basics.php, line 218]
2010-03-29 21:58:42 Warning: Warning (2): htmlspecialchars() [<a href='function.htmlspecialchars'>function.htmlspecialchars</a>]: Invalid multibyte sequence in argument in [C:\Server\xampp\htdocs\issues\cake\basics.php, line 218]
2010-03-29 21:58:42 Warning: Warning (2): htmlspecialchars() [<a href='function.htmlspecialchars'>function.htmlspecialchars</a>]: Invalid multibyte sequence in argument in [C:\Server\xampp\htdocs\issues\cake\basics.php, line 218]
2010-03-29 21:58:42 Warning: Warning (2): htmlspecialchars() [<a href='function.htmlspecialchars'>function.htmlspecialchars</a>]: Invalid multibyte sequence in argument in [C:\Server\xampp\htdocs\issues\cake\basics.php, line 218]
2010-03-29 21:58:43 Warning: Warning (2): htmlspecialchars() [<a href='function.htmlspecialchars'>function.htmlspecialchars</a>]: Invalid multibyte sequence in argument in [C:\Server\xampp\htdocs\issues\cake\basics.php, line 218]
2010-03-29 21:58:43 Warning: Warning (2): htmlspecialchars() [<a href='function.htmlspecialchars'>function.htmlspecialchars</a>]: Invalid multibyte sequence in argument in [C:\Server\xampp\htdocs\issues\cake\basics.php, line 218]
2010-03-29 21:58:43 Warning: Warning (2): htmlspecialchars() [<a href='function.htmlspecialchars'>function.htmlspecialchars</a>]: Invalid multibyte sequence in argument in [C:\Server\xampp\htdocs\issues\cake\basics.php, line 218]
2010-03-29 21:58:43 Warning: Warning (2): htmlspecialchars() [<a href='function.htmlspecialchars'>function.htmlspecialchars</a>]: Invalid multibyte sequence in argument in [C:\Server\xampp\htdocs\issues\cake\basics.php, line 218]
2010-03-29 21:58:43 Warning: Warning (2): htmlspecialchars() [<a href='function.htmlspecialchars'>function.htmlspecialchars</a>]: Invalid multibyte sequence in argument in [C:\Server\xampp\htdocs\issues\cake\basics.php, line 218]
2010-03-29 21:58:43 Warning: Warning (2): htmlspecialchars() [<a href='function.htmlspecialchars'>function.htmlspecialchars</a>]: Invalid multibyte sequence in argument in [C:\Server\xampp\htdocs\issues\cake\basics.php, line 218]
2010-03-29 21:58:43 Warning: Warning (2): htmlspecialchars() [<a href='function.htmlspecialchars'>function.htmlspecialchars</a>]: Invalid multibyte sequence in argument in [C:\Server\xampp\htdocs\issues\cake\basics.php, line 218]
2010-03-29 21:58:43 Warning: Warning (2): htmlspecialchars() [<a href='function.htmlspecialchars'>function.htmlspecialchars</a>]: Invalid multibyte sequence in argument in [C:\Server\xampp\htdocs\issues\cake\basics.php, line 218]
2010-03-29 21:59:03 Warning: Warning (2): htmlspecialchars() [<a href='function.htmlspecialchars'>function.htmlspecialchars</a>]: Invalid multibyte sequence in argument in [C:\Server\xampp\htdocs\issues\cake\basics.php, line 218]
2010-03-29 21:59:03 Warning: Warning (2): htmlspecialchars() [<a href='function.htmlspecialchars'>function.htmlspecialchars</a>]: Invalid multibyte sequence in argument in [C:\Server\xampp\htdocs\issues\cake\basics.php, line 218]
2010-03-29 21:59:03 Warning: Warning (2): htmlspecialchars() [<a href='function.htmlspecialchars'>function.htmlspecialchars</a>]: Invalid multibyte sequence in argument in [C:\Server\xampp\htdocs\issues\cake\basics.php, line 218]
2010-03-29 21:59:03 Warning: Warning (2): htmlspecialchars() [<a href='function.htmlspecialchars'>function.htmlspecialchars</a>]: Invalid multibyte sequence in argument in [C:\Server\xampp\htdocs\issues\cake\basics.php, line 218]
2010-03-29 21:59:13 Warning: Warning (2): htmlspecialchars() [<a href='function.htmlspecialchars'>function.htmlspecialchars</a>]: Invalid multibyte sequence in argument in [C:\Server\xampp\htdocs\issues\cake\basics.php, line 218]
2010-03-29 21:59:13 Warning: Warning (2): htmlspecialchars() [<a href='function.htmlspecialchars'>function.htmlspecialchars</a>]: Invalid multibyte sequence in argument in [C:\Server\xampp\htdocs\issues\cake\basics.php, line 218]
2010-03-29 21:59:13 Warning: Warning (2): htmlspecialchars() [<a href='function.htmlspecialchars'>function.htmlspecialchars</a>]: Invalid multibyte sequence in argument in [C:\Server\xampp\htdocs\issues\cake\basics.php, line 218]
2010-03-29 21:59:13 Warning: Warning (2): htmlspecialchars() [<a href='function.htmlspecialchars'>function.htmlspecialchars</a>]: Invalid multibyte sequence in argument in [C:\Server\xampp\htdocs\issues\cake\basics.php, line 218]
2010-03-29 21:59:15 Warning: Warning (2): htmlspecialchars() [<a href='function.htmlspecialchars'>function.htmlspecialchars</a>]: Invalid multibyte sequence in argument in [C:\Server\xampp\htdocs\issues\cake\basics.php, line 218]
2010-03-29 21:59:15 Warning: Warning (2): htmlspecialchars() [<a href='function.htmlspecialchars'>function.htmlspecialchars</a>]: Invalid multibyte sequence in argument in [C:\Server\xampp\htdocs\issues\cake\basics.php, line 218]
2010-03-29 21:59:15 Warning: Warning (2): htmlspecialchars() [<a href='function.htmlspecialchars'>function.htmlspecialchars</a>]: Invalid multibyte sequence in argument in [C:\Server\xampp\htdocs\issues\cake\basics.php, line 218]
2010-03-29 21:59:15 Warning: Warning (2): htmlspecialchars() [<a href='function.htmlspecialchars'>function.htmlspecialchars</a>]: Invalid multibyte sequence in argument in [C:\Server\xampp\htdocs\issues\cake\basics.php, line 218]
2010-03-29 21:59:16 Warning: Warning (2): htmlspecialchars() [<a href='function.htmlspecialchars'>function.htmlspecialchars</a>]: Invalid multibyte sequence in argument in [C:\Server\xampp\htdocs\issues\cake\basics.php, line 218]
2010-03-29 21:59:16 Warning: Warning (2): htmlspecialchars() [<a href='function.htmlspecialchars'>function.htmlspecialchars</a>]: Invalid multibyte sequence in argument in [C:\Server\xampp\htdocs\issues\cake\basics.php, line 218]
2010-03-29 21:59:16 Warning: Warning (2): htmlspecialchars() [<a href='function.htmlspecialchars'>function.htmlspecialchars</a>]: Invalid multibyte sequence in argument in [C:\Server\xampp\htdocs\issues\cake\basics.php, line 218]
2010-03-29 21:59:16 Warning: Warning (2): htmlspecialchars() [<a href='function.htmlspecialchars'>function.htmlspecialchars</a>]: Invalid multibyte sequence in argument in [C:\Server\xampp\htdocs\issues\cake\basics.php, line 218]
2010-03-31 16:03:42 Warning: Warning (2): include_once(C:\Server\xampp\htdocs\issues\app\config\database.php) [<a href='function.include-once'>function.include-once</a>]: failed to open stream: No such file or directory in [C:\Server\xampp\htdocs\issues\cake\libs\model\connection_manager.php, line 23]
2010-03-31 16:03:42 Warning: Warning (2): include_once() [<a href='function.include'>function.include</a>]: Failed opening 'C:\Server\xampp\htdocs\issues\app\config\database.php' for inclusion (include_path='C:\Server\xampp\htdocs\issues;C:\Server\xampp\htdocs\issues\app\;.;C:\Server\xampp\php\PEAR') in [C:\Server\xampp\htdocs\issues\cake\libs\model\connection_manager.php, line 23]
2010-03-31 16:03:42 Warning: Warning (2): get_object_vars() expects parameter 1 to be object, null given in [C:\Server\xampp\htdocs\issues\cake\libs\model\connection_manager.php, line 235]
2010-03-31 16:03:42 Warning: Warning (2): get_object_vars() expects parameter 1 to be object, null given in [C:\Server\xampp\htdocs\issues\cake\libs\model\connection_manager.php, line 235]
2010-03-31 16:03:42 Warning: Warning (2): Invalid argument supplied for foreach() in [C:\Server\xampp\htdocs\issues\app\views\layouts\default.ctp, line 63]
2010-03-31 16:03:53 Warning: Warning (2): include_once(C:\Server\xampp\htdocs\issues\app\config\database.php) [<a href='function.include-once'>function.include-once</a>]: failed to open stream: No such file or directory in [C:\Server\xampp\htdocs\issues\cake\libs\model\connection_manager.php, line 23]
2010-03-31 16:03:53 Warning: Warning (2): include_once() [<a href='function.include'>function.include</a>]: Failed opening 'C:\Server\xampp\htdocs\issues\app\config\database.php' for inclusion (include_path='C:\Server\xampp\htdocs\issues;C:\Server\xampp\htdocs\issues\app\;.;C:\Server\xampp\php\PEAR') in [C:\Server\xampp\htdocs\issues\cake\libs\model\connection_manager.php, line 23]
2010-03-31 16:03:53 Warning: Warning (2): get_object_vars() expects parameter 1 to be object, null given in [C:\Server\xampp\htdocs\issues\cake\libs\model\connection_manager.php, line 235]
2010-03-31 16:03:53 Warning: Warning (2): get_object_vars() expects parameter 1 to be object, null given in [C:\Server\xampp\htdocs\issues\cake\libs\model\connection_manager.php, line 235]
2010-03-31 16:03:53 Warning: Warning (2): Invalid argument supplied for foreach() in [C:\Server\xampp\htdocs\issues\app\views\layouts\default.ctp, line 63]
2010-03-31 16:03:55 Warning: Warning (2): include_once(C:\Server\xampp\htdocs\issues\app\config\database.php) [<a href='function.include-once'>function.include-once</a>]: failed to open stream: No such file or directory in [C:\Server\xampp\htdocs\issues\cake\libs\model\connection_manager.php, line 23]
2010-03-31 16:03:55 Warning: Warning (2): include_once() [<a href='function.include'>function.include</a>]: Failed opening 'C:\Server\xampp\htdocs\issues\app\config\database.php' for inclusion (include_path='C:\Server\xampp\htdocs\issues;C:\Server\xampp\htdocs\issues\app\;.;C:\Server\xampp\php\PEAR') in [C:\Server\xampp\htdocs\issues\cake\libs\model\connection_manager.php, line 23]
2010-03-31 16:03:55 Warning: Warning (2): get_object_vars() expects parameter 1 to be object, null given in [C:\Server\xampp\htdocs\issues\cake\libs\model\connection_manager.php, line 235]
2010-03-31 16:03:55 Warning: Warning (2): get_object_vars() expects parameter 1 to be object, null given in [C:\Server\xampp\htdocs\issues\cake\libs\model\connection_manager.php, line 235]
2010-03-31 16:03:55 Warning: Warning (2): Invalid argument supplied for foreach() in [C:\Server\xampp\htdocs\issues\app\views\layouts\default.ctp, line 63]
2010-03-31 16:03:55 Warning: Warning (2): include_once(C:\Server\xampp\htdocs\issues\app\config\database.php) [<a href='function.include-once'>function.include-once</a>]: failed to open stream: No such file or directory in [C:\Server\xampp\htdocs\issues\cake\libs\model\connection_manager.php, line 23]
2010-03-31 16:03:55 Warning: Warning (2): include_once() [<a href='function.include'>function.include</a>]: Failed opening 'C:\Server\xampp\htdocs\issues\app\config\database.php' for inclusion (include_path='C:\Server\xampp\htdocs\issues;C:\Server\xampp\htdocs\issues\app\;.;C:\Server\xampp\php\PEAR') in [C:\Server\xampp\htdocs\issues\cake\libs\model\connection_manager.php, line 23]
2010-03-31 16:03:55 Warning: Warning (2): get_object_vars() expects parameter 1 to be object, null given in [C:\Server\xampp\htdocs\issues\cake\libs\model\connection_manager.php, line 235]
2010-03-31 16:03:55 Warning: Warning (2): get_object_vars() expects parameter 1 to be object, null given in [C:\Server\xampp\htdocs\issues\cake\libs\model\connection_manager.php, line 235]
2010-03-31 16:03:55 Warning: Warning (2): include_once(C:\Server\xampp\htdocs\issues\app\config\database.php) [<a href='function.include-once'>function.include-once</a>]: failed to open stream: No such file or directory in [C:\Server\xampp\htdocs\issues\cake\libs\model\connection_manager.php, line 23]
2010-03-31 16:03:55 Warning: Warning (2): include_once() [<a href='function.include'>function.include</a>]: Failed opening 'C:\Server\xampp\htdocs\issues\app\config\database.php' for inclusion (include_path='C:\Server\xampp\htdocs\issues;C:\Server\xampp\htdocs\issues\app\;.;C:\Server\xampp\php\PEAR') in [C:\Server\xampp\htdocs\issues\cake\libs\model\connection_manager.php, line 23]
2010-03-31 16:03:55 Warning: Warning (2): get_object_vars() expects parameter 1 to be object, null given in [C:\Server\xampp\htdocs\issues\cake\libs\model\connection_manager.php, line 235]
2010-03-31 16:03:55 Warning: Warning (2): include_once(C:\Server\xampp\htdocs\issues\app\config\database.php) [<a href='function.include-once'>function.include-once</a>]: failed to open stream: No such file or directory in [C:\Server\xampp\htdocs\issues\cake\libs\model\connection_manager.php, line 23]
2010-03-31 16:03:55 Warning: Warning (2): include_once() [<a href='function.include'>function.include</a>]: Failed opening 'C:\Server\xampp\htdocs\issues\app\config\database.php' for inclusion (include_path='C:\Server\xampp\htdocs\issues;C:\Server\xampp\htdocs\issues\app\;.;C:\Server\xampp\php\PEAR') in [C:\Server\xampp\htdocs\issues\cake\libs\model\connection_manager.php, line 23]
2010-03-31 16:03:55 Warning: Warning (2): get_object_vars() expects parameter 1 to be object, null given in [C:\Server\xampp\htdocs\issues\cake\libs\model\connection_manager.php, line 235]
2010-03-31 16:03:55 Warning: Warning (2): get_object_vars() expects parameter 1 to be object, null given in [C:\Server\xampp\htdocs\issues\cake\libs\model\connection_manager.php, line 235]
2010-03-31 16:03:55 Warning: Warning (2): Invalid argument supplied for foreach() in [C:\Server\xampp\htdocs\issues\app\views\layouts\default.ctp, line 63]
2010-03-31 16:03:55 Warning: Warning (2): get_object_vars() expects parameter 1 to be object, null given in [C:\Server\xampp\htdocs\issues\cake\libs\model\connection_manager.php, line 235]
2010-03-31 16:03:55 Warning: Warning (2): include_once(C:\Server\xampp\htdocs\issues\app\config\database.php) [<a href='function.include-once'>function.include-once</a>]: failed to open stream: No such file or directory in [C:\Server\xampp\htdocs\issues\cake\libs\model\connection_manager.php, line 23]
2010-03-31 16:03:55 Warning: Warning (2): include_once() [<a href='function.include'>function.include</a>]: Failed opening 'C:\Server\xampp\htdocs\issues\app\config\database.php' for inclusion (include_path='C:\Server\xampp\htdocs\issues;C:\Server\xampp\htdocs\issues\app\;.;C:\Server\xampp\php\PEAR') in [C:\Server\xampp\htdocs\issues\cake\libs\model\connection_manager.php, line 23]
2010-03-31 16:03:55 Warning: Warning (2): get_object_vars() expects parameter 1 to be object, null given in [C:\Server\xampp\htdocs\issues\cake\libs\model\connection_manager.php, line 235]
2010-03-31 16:03:55 Warning: Warning (2): get_object_vars() expects parameter 1 to be object, null given in [C:\Server\xampp\htdocs\issues\cake\libs\model\connection_manager.php, line 235]
2010-03-31 16:03:55 Warning: Warning (2): Invalid argument supplied for foreach() in [C:\Server\xampp\htdocs\issues\app\views\layouts\default.ctp, line 63]
2010-03-31 16:03:55 Warning: Warning (2): Invalid argument supplied for foreach() in [C:\Server\xampp\htdocs\issues\app\views\layouts\default.ctp, line 63]
2010-03-31 16:03:55 Warning: Warning (2): Invalid argument supplied for foreach() in [C:\Server\xampp\htdocs\issues\app\views\layouts\default.ctp, line 63]
2010-03-31 16:03:55 Warning: Warning (2): include_once(C:\Server\xampp\htdocs\issues\app\config\database.php) [<a href='function.include-once'>function.include-once</a>]: failed to open stream: No such file or directory in [C:\Server\xampp\htdocs\issues\cake\libs\model\connection_manager.php, line 23]
2010-03-31 16:03:55 Warning: Warning (2): include_once() [<a href='function.include'>function.include</a>]: Failed opening 'C:\Server\xampp\htdocs\issues\app\config\database.php' for inclusion (include_path='C:\Server\xampp\htdocs\issues;C:\Server\xampp\htdocs\issues\app\;.;C:\Server\xampp\php\PEAR') in [C:\Server\xampp\htdocs\issues\cake\libs\model\connection_manager.php, line 23]
2010-03-31 16:03:55 Warning: Warning (2): get_object_vars() expects parameter 1 to be object, null given in [C:\Server\xampp\htdocs\issues\cake\libs\model\connection_manager.php, line 235]
2010-03-31 16:03:55 Warning: Warning (2): get_object_vars() expects parameter 1 to be object, null given in [C:\Server\xampp\htdocs\issues\cake\libs\model\connection_manager.php, line 235]
2010-03-31 16:03:55 Warning: Warning (2): Invalid argument supplied for foreach() in [C:\Server\xampp\htdocs\issues\app\views\layouts\default.ctp, line 63]
2010-03-31 16:03:56 Warning: Warning (2): include_once(C:\Server\xampp\htdocs\issues\app\config\database.php) [<a href='function.include-once'>function.include-once</a>]: failed to open stream: No such file or directory in [C:\Server\xampp\htdocs\issues\cake\libs\model\connection_manager.php, line 23]
2010-03-31 16:03:56 Warning: Warning (2): include_once() [<a href='function.include'>function.include</a>]: Failed opening 'C:\Server\xampp\htdocs\issues\app\config\database.php' for inclusion (include_path='C:\Server\xampp\htdocs\issues;C:\Server\xampp\htdocs\issues\app\;.;C:\Server\xampp\php\PEAR') in [C:\Server\xampp\htdocs\issues\cake\libs\model\connection_manager.php, line 23]
2010-03-31 16:03:56 Warning: Warning (2): get_object_vars() expects parameter 1 to be object, null given in [C:\Server\xampp\htdocs\issues\cake\libs\model\connection_manager.php, line 235]
2010-03-31 16:03:56 Warning: Warning (2): include_once(C:\Server\xampp\htdocs\issues\app\config\database.php) [<a href='function.include-once'>function.include-once</a>]: failed to open stream: No such file or directory in [C:\Server\xampp\htdocs\issues\cake\libs\model\connection_manager.php, line 23]
2010-03-31 16:03:56 Warning: Warning (2): include_once() [<a href='function.include'>function.include</a>]: Failed opening 'C:\Server\xampp\htdocs\issues\app\config\database.php' for inclusion (include_path='C:\Server\xampp\htdocs\issues;C:\Server\xampp\htdocs\issues\app\;.;C:\Server\xampp\php\PEAR') in [C:\Server\xampp\htdocs\issues\cake\libs\model\connection_manager.php, line 23]
2010-03-31 16:03:56 Warning: Warning (2): get_object_vars() expects parameter 1 to be object, null given in [C:\Server\xampp\htdocs\issues\cake\libs\model\connection_manager.php, line 235]
2010-03-31 16:03:56 Warning: Warning (2): get_object_vars() expects parameter 1 to be object, null given in [C:\Server\xampp\htdocs\issues\cake\libs\model\connection_manager.php, line 235]
2010-03-31 16:03:56 Warning: Warning (2): get_object_vars() expects parameter 1 to be object, null given in [C:\Server\xampp\htdocs\issues\cake\libs\model\connection_manager.php, line 235]
2010-03-31 16:03:56 Warning: Warning (2): Invalid argument supplied for foreach() in [C:\Server\xampp\htdocs\issues\app\views\layouts\default.ctp, line 63]
2010-03-31 16:03:56 Warning: Warning (2): Invalid argument supplied for foreach() in [C:\Server\xampp\htdocs\issues\app\views\layouts\default.ctp, line 63]
2010-03-31 21:01:59 Warning: Warning (2): include_once(C:\Server\xampp\htdocs\issues\app\config\database.php) [<a href='function.include-once'>function.include-once</a>]: failed to open stream: No such file or directory in [C:\Server\xampp\htdocs\issues\cake\libs\model\connection_manager.php, line 23]
2010-03-31 21:01:59 Warning: Warning (2): include_once() [<a href='function.include'>function.include</a>]: Failed opening 'C:\Server\xampp\htdocs\issues\app\config\database.php' for inclusion (include_path='C:\Server\xampp\htdocs\issues;C:\Server\xampp\htdocs\issues\app\;.;C:\Server\xampp\php\PEAR') in [C:\Server\xampp\htdocs\issues\cake\libs\model\connection_manager.php, line 23]
2010-03-31 21:01:59 Warning: Warning (2): get_object_vars() expects parameter 1 to be object, null given in [C:\Server\xampp\htdocs\issues\cake\libs\model\connection_manager.php, line 235]
2010-03-31 21:01:59 Warning: Warning (2): get_object_vars() expects parameter 1 to be object, null given in [C:\Server\xampp\htdocs\issues\cake\libs\model\connection_manager.php, line 235]
2010-03-31 21:01:59 Warning: Warning (2): Invalid argument supplied for foreach() in [C:\Server\xampp\htdocs\issues\app\views\layouts\default.ctp, line 63]
2010-03-31 21:02:06 Warning: Warning (2): include_once(C:\Server\xampp\htdocs\issues\app\config\database.php) [<a href='function.include-once'>function.include-once</a>]: failed to open stream: No such file or directory in [C:\Server\xampp\htdocs\issues\cake\libs\model\connection_manager.php, line 23]
2010-03-31 21:02:06 Warning: Warning (2): include_once() [<a href='function.include'>function.include</a>]: Failed opening 'C:\Server\xampp\htdocs\issues\app\config\database.php' for inclusion (include_path='C:\Server\xampp\htdocs\issues;C:\Server\xampp\htdocs\issues\app\;.;C:\Server\xampp\php\PEAR') in [C:\Server\xampp\htdocs\issues\cake\libs\model\connection_manager.php, line 23]
2010-03-31 21:02:06 Warning: Warning (2): get_object_vars() expects parameter 1 to be object, null given in [C:\Server\xampp\htdocs\issues\cake\libs\model\connection_manager.php, line 235]
2010-03-31 21:02:06 Warning: Warning (2): get_object_vars() expects parameter 1 to be object, null given in [C:\Server\xampp\htdocs\issues\cake\libs\model\connection_manager.php, line 235]
2010-03-31 21:02:06 Warning: Warning (2): Invalid argument supplied for foreach() in [C:\Server\xampp\htdocs\issues\app\views\layouts\default.ctp, line 63]
2010-03-31 21:02:06 Warning: Warning (2): include_once(C:\Server\xampp\htdocs\issues\app\config\database.php) [<a href='function.include-once'>function.include-once</a>]: failed to open stream: No such file or directory in [C:\Server\xampp\htdocs\issues\cake\libs\model\connection_manager.php, line 23]
2010-03-31 21:02:06 Warning: Warning (2): include_once() [<a href='function.include'>function.include</a>]: Failed opening 'C:\Server\xampp\htdocs\issues\app\config\database.php' for inclusion (include_path='C:\Server\xampp\htdocs\issues;C:\Server\xampp\htdocs\issues\app\;.;C:\Server\xampp\php\PEAR') in [C:\Server\xampp\htdocs\issues\cake\libs\model\connection_manager.php, line 23]
2010-03-31 21:02:06 Warning: Warning (2): get_object_vars() expects parameter 1 to be object, null given in [C:\Server\xampp\htdocs\issues\cake\libs\model\connection_manager.php, line 235]
2010-03-31 21:02:06 Warning: Warning (2): get_object_vars() expects parameter 1 to be object, null given in [C:\Server\xampp\htdocs\issues\cake\libs\model\connection_manager.php, line 235]
2010-03-31 21:02:06 Warning: Warning (2): include_once(C:\Server\xampp\htdocs\issues\app\config\database.php) [<a href='function.include-once'>function.include-once</a>]: failed to open stream: No such file or directory in [C:\Server\xampp\htdocs\issues\cake\libs\model\connection_manager.php, line 23]
2010-03-31 21:02:06 Warning: Warning (2): include_once() [<a href='function.include'>function.include</a>]: Failed opening 'C:\Server\xampp\htdocs\issues\app\config\database.php' for inclusion (include_path='C:\Server\xampp\htdocs\issues;C:\Server\xampp\htdocs\issues\app\;.;C:\Server\xampp\php\PEAR') in [C:\Server\xampp\htdocs\issues\cake\libs\model\connection_manager.php, line 23]
2010-03-31 21:02:06 Warning: Warning (2): get_object_vars() expects parameter 1 to be object, null given in [C:\Server\xampp\htdocs\issues\cake\libs\model\connection_manager.php, line 235]
2010-03-31 21:02:06 Warning: Warning (2): include_once(C:\Server\xampp\htdocs\issues\app\config\database.php) [<a href='function.include-once'>function.include-once</a>]: failed to open stream: No such file or directory in [C:\Server\xampp\htdocs\issues\cake\libs\model\connection_manager.php, line 23]
2010-03-31 21:02:06 Warning: Warning (2): include_once() [<a href='function.include'>function.include</a>]: Failed opening 'C:\Server\xampp\htdocs\issues\app\config\database.php' for inclusion (include_path='C:\Server\xampp\htdocs\issues;C:\Server\xampp\htdocs\issues\app\;.;C:\Server\xampp\php\PEAR') in [C:\Server\xampp\htdocs\issues\cake\libs\model\connection_manager.php, line 23]
2010-03-31 21:02:06 Warning: Warning (2): get_object_vars() expects parameter 1 to be object, null given in [C:\Server\xampp\htdocs\issues\cake\libs\model\connection_manager.php, line 235]
2010-03-31 21:02:06 Warning: Warning (2): get_object_vars() expects parameter 1 to be object, null given in [C:\Server\xampp\htdocs\issues\cake\libs\model\connection_manager.php, line 235]
2010-03-31 21:02:06 Warning: Warning (2): get_object_vars() expects parameter 1 to be object, null given in [C:\Server\xampp\htdocs\issues\cake\libs\model\connection_manager.php, line 235]
2010-03-31 21:02:06 Warning: Warning (2): Invalid argument supplied for foreach() in [C:\Server\xampp\htdocs\issues\app\views\layouts\default.ctp, line 63]
2010-03-31 21:02:06 Warning: Warning (2): Invalid argument supplied for foreach() in [C:\Server\xampp\htdocs\issues\app\views\layouts\default.ctp, line 63]
2010-03-31 21:02:06 Warning: Warning (2): Invalid argument supplied for foreach() in [C:\Server\xampp\htdocs\issues\app\views\layouts\default.ctp, line 63]
2010-03-31 21:02:06 Warning: Warning (2): include_once(C:\Server\xampp\htdocs\issues\app\config\database.php) [<a href='function.include-once'>function.include-once</a>]: failed to open stream: No such file or directory in [C:\Server\xampp\htdocs\issues\cake\libs\model\connection_manager.php, line 23]
2010-03-31 21:02:06 Warning: Warning (2): include_once() [<a href='function.include'>function.include</a>]: Failed opening 'C:\Server\xampp\htdocs\issues\app\config\database.php' for inclusion (include_path='C:\Server\xampp\htdocs\issues;C:\Server\xampp\htdocs\issues\app\;.;C:\Server\xampp\php\PEAR') in [C:\Server\xampp\htdocs\issues\cake\libs\model\connection_manager.php, line 23]
2010-03-31 21:02:06 Warning: Warning (2): get_object_vars() expects parameter 1 to be object, null given in [C:\Server\xampp\htdocs\issues\cake\libs\model\connection_manager.php, line 235]
2010-03-31 21:02:06 Warning: Warning (2): get_object_vars() expects parameter 1 to be object, null given in [C:\Server\xampp\htdocs\issues\cake\libs\model\connection_manager.php, line 235]
2010-03-31 21:02:06 Warning: Warning (2): Invalid argument supplied for foreach() in [C:\Server\xampp\htdocs\issues\app\views\layouts\default.ctp, line 63]
2010-03-31 21:02:06 Warning: Warning (2): include_once(C:\Server\xampp\htdocs\issues\app\config\database.php) [<a href='function.include-once'>function.include-once</a>]: failed to open stream: No such file or directory in [C:\Server\xampp\htdocs\issues\cake\libs\model\connection_manager.php, line 23]
2010-03-31 21:02:06 Warning: Warning (2): include_once() [<a href='function.include'>function.include</a>]: Failed opening 'C:\Server\xampp\htdocs\issues\app\config\database.php' for inclusion (include_path='C:\Server\xampp\htdocs\issues;C:\Server\xampp\htdocs\issues\app\;.;C:\Server\xampp\php\PEAR') in [C:\Server\xampp\htdocs\issues\cake\libs\model\connection_manager.php, line 23]
2010-03-31 21:02:06 Warning: Warning (2): get_object_vars() expects parameter 1 to be object, null given in [C:\Server\xampp\htdocs\issues\cake\libs\model\connection_manager.php, line 235]
2010-03-31 21:02:06 Warning: Warning (2): get_object_vars() expects parameter 1 to be object, null given in [C:\Server\xampp\htdocs\issues\cake\libs\model\connection_manager.php, line 235]
2010-03-31 21:02:06 Warning: Warning (2): Invalid argument supplied for foreach() in [C:\Server\xampp\htdocs\issues\app\views\layouts\default.ctp, line 63]
2010-03-31 21:02:09 Warning: Warning (2): include_once(C:\Server\xampp\htdocs\issues\app\config\database.php) [<a href='function.include-once'>function.include-once</a>]: failed to open stream: No such file or directory in [C:\Server\xampp\htdocs\issues\cake\libs\model\connection_manager.php, line 23]
2010-03-31 21:02:09 Warning: Warning (2): include_once(C:\Server\xampp\htdocs\issues\app\config\database.php) [<a href='function.include-once'>function.include-once</a>]: failed to open stream: No such file or directory in [C:\Server\xampp\htdocs\issues\cake\libs\model\connection_manager.php, line 23]
2010-03-31 21:02:09 Warning: Warning (2): include_once() [<a href='function.include'>function.include</a>]: Failed opening 'C:\Server\xampp\htdocs\issues\app\config\database.php' for inclusion (include_path='C:\Server\xampp\htdocs\issues;C:\Server\xampp\htdocs\issues\app\;.;C:\Server\xampp\php\PEAR') in [C:\Server\xampp\htdocs\issues\cake\libs\model\connection_manager.php, line 23]
2010-03-31 21:02:09 Warning: Warning (2): include_once() [<a href='function.include'>function.include</a>]: Failed opening 'C:\Server\xampp\htdocs\issues\app\config\database.php' for inclusion (include_path='C:\Server\xampp\htdocs\issues;C:\Server\xampp\htdocs\issues\app\;.;C:\Server\xampp\php\PEAR') in [C:\Server\xampp\htdocs\issues\cake\libs\model\connection_manager.php, line 23]
2010-03-31 21:02:09 Warning: Warning (2): get_object_vars() expects parameter 1 to be object, null given in [C:\Server\xampp\htdocs\issues\cake\libs\model\connection_manager.php, line 235]
2010-03-31 21:02:09 Warning: Warning (2): get_object_vars() expects parameter 1 to be object, null given in [C:\Server\xampp\htdocs\issues\cake\libs\model\connection_manager.php, line 235]
2010-03-31 21:02:09 Warning: Warning (2): get_object_vars() expects parameter 1 to be object, null given in [C:\Server\xampp\htdocs\issues\cake\libs\model\connection_manager.php, line 235]
2010-03-31 21:02:09 Warning: Warning (2): get_object_vars() expects parameter 1 to be object, null given in [C:\Server\xampp\htdocs\issues\cake\libs\model\connection_manager.php, line 235]
2010-03-31 21:02:09 Warning: Warning (2): Invalid argument supplied for foreach() in [C:\Server\xampp\htdocs\issues\app\views\layouts\default.ctp, line 63]
2010-03-31 21:02:09 Warning: Warning (2): Invalid argument supplied for foreach() in [C:\Server\xampp\htdocs\issues\app\views\layouts\default.ctp, line 63]
2010-03-31 21:02:48 Warning: Warning (2): include_once(C:\Server\xampp\htdocs\issues\app\config\database.php) [<a href='http://php.net/function.include-once'>function.include-once</a>]: failed to open stream: No such file or directory in [C:\Server\xampp\htdocs\issues\cake\libs\model\connection_manager.php, line 23]
2010-03-31 21:02:48 Warning: Warning (2): include_once() [<a href='http://php.net/function.include'>function.include</a>]: Failed opening 'C:\Server\xampp\htdocs\issues\app\config\database.php' for inclusion (include_path='C:\Server\xampp\htdocs\issues;C:\Server\xampp\htdocs\issues\app\;.;C:\Server\xampp\php\PEAR') in [C:\Server\xampp\htdocs\issues\cake\libs\model\connection_manager.php, line 23]
2010-03-31 21:02:48 Warning: Warning (2): get_object_vars() expects parameter 1 to be object, null given in [C:\Server\xampp\htdocs\issues\cake\libs\model\connection_manager.php, line 235]
2010-03-31 21:02:48 Warning: Warning (2): Cannot modify header information - headers already sent by (output started at C:\Server\xampp\htdocs\issues\cake\libs\debugger.php:663) in [C:\Server\xampp\htdocs\issues\cake\libs\controller\controller.php, line 747]
2010-03-31 21:02:48 Warning: Warning (2): Invalid argument supplied for foreach() in [C:\Server\xampp\htdocs\issues\app\views\layouts\default.ctp, line 63]
